<?xml version="1.0" encoding="UTF-8"?>
<testsuite xmlns:xsi="http://www.w3.org/2001/XMLSchema-instance" xsi:noNamespaceSchemaLocation="https://maven.apache.org/surefire/maven-surefire-plugin/xsd/surefire-test-report-3.0.xsd" version="3.0" name="com.example.inventory.business.service.InventoryServiceTest" time="0.085" tests="21" errors="0" skipped="0" failures="0">
  <properties>
    <property name="sun.desktop" value="windows"/>
    <property name="awt.toolkit" value="sun.awt.windows.WToolkit"/>
    <property name="java.specification.version" value="9"/>
    <property name="file.encoding.pkg" value="sun.io"/>
    <property name="sun.cpu.isalist" value="amd64"/>
    <property name="sun.jnu.encoding" value="MS932"/>
    <property name="java.class.path" value="C:\17.Web.Warehouse\target\test-classes;C:\17.Web.Warehouse\target\classes;C:\WINDOWS\system32\config\systemprofile\.m2\repository\org\mybatis\spring\boot\mybatis-spring-boot-starter\1.3.2\mybatis-spring-boot-starter-1.3.2.jar;C:\WINDOWS\system32\config\systemprofile\.m2\repository\org\springframework\boot\spring-boot-starter\2.4.5\spring-boot-starter-2.4.5.jar;C:\WINDOWS\system32\config\systemprofile\.m2\repository\org\springframework\boot\spring-boot-starter-logging\2.4.5\spring-boot-starter-logging-2.4.5.jar;C:\WINDOWS\system32\config\systemprofile\.m2\repository\ch\qos\logback\logback-classic\1.2.3\logback-classic-1.2.3.jar;C:\WINDOWS\system32\config\systemprofile\.m2\repository\ch\qos\logback\logback-core\1.2.3\logback-core-1.2.3.jar;C:\WINDOWS\system32\config\systemprofile\.m2\repository\org\apache\logging\log4j\log4j-to-slf4j\2.13.3\log4j-to-slf4j-2.13.3.jar;C:\WINDOWS\system32\config\systemprofile\.m2\repository\org\apache\logging\log4j\log4j-api\2.13.3\log4j-api-2.13.3.jar;C:\WINDOWS\system32\config\systemprofile\.m2\repository\org\slf4j\jul-to-slf4j\1.7.30\jul-to-slf4j-1.7.30.jar;C:\WINDOWS\system32\config\systemprofile\.m2\repository\jakarta\annotation\jakarta.annotation-api\1.3.5\jakarta.annotation-api-1.3.5.jar;C:\WINDOWS\system32\config\systemprofile\.m2\repository\org\yaml\snakeyaml\1.27\snakeyaml-1.27.jar;C:\WINDOWS\system32\config\systemprofile\.m2\repository\org\springframework\boot\spring-boot-starter-jdbc\2.4.5\spring-boot-starter-jdbc-2.4.5.jar;C:\WINDOWS\system32\config\systemprofile\.m2\repository\com\zaxxer\HikariCP\3.4.5\HikariCP-3.4.5.jar;C:\WINDOWS\system32\config\systemprofile\.m2\repository\org\springframework\spring-jdbc\5.3.6\spring-jdbc-5.3.6.jar;C:\WINDOWS\system32\config\systemprofile\.m2\repository\org\springframework\spring-tx\5.3.6\spring-tx-5.3.6.jar;C:\WINDOWS\system32\config\systemprofile\.m2\repository\org\mybatis\spring\boot\mybatis-spring-boot-autoconfigure\1.3.2\mybatis-spring-boot-autoconfigure-1.3.2.jar;C:\WINDOWS\system32\config\systemprofile\.m2\repository\org\mybatis\mybatis\3.4.6\mybatis-3.4.6.jar;C:\WINDOWS\system32\config\systemprofile\.m2\repository\org\mybatis\mybatis-spring\1.3.2\mybatis-spring-1.3.2.jar;C:\WINDOWS\system32\config\systemprofile\.m2\repository\org\springframework\boot\spring-boot-starter-aop\2.4.5\spring-boot-starter-aop-2.4.5.jar;C:\WINDOWS\system32\config\systemprofile\.m2\repository\org\springframework\spring-aop\5.3.6\spring-aop-5.3.6.jar;C:\WINDOWS\system32\config\systemprofile\.m2\repository\org\springframework\spring-beans\5.3.6\spring-beans-5.3.6.jar;C:\WINDOWS\system32\config\systemprofile\.m2\repository\org\aspectj\aspectjweaver\1.9.6\aspectjweaver-1.9.6.jar;C:\WINDOWS\system32\config\systemprofile\.m2\repository\org\springframework\boot\spring-boot-starter-thymeleaf\2.4.5\spring-boot-starter-thymeleaf-2.4.5.jar;C:\WINDOWS\system32\config\systemprofile\.m2\repository\org\thymeleaf\thymeleaf-spring5\3.0.12.RELEASE\thymeleaf-spring5-3.0.12.RELEASE.jar;C:\WINDOWS\system32\config\systemprofile\.m2\repository\org\thymeleaf\thymeleaf\3.0.12.RELEASE\thymeleaf-3.0.12.RELEASE.jar;C:\WINDOWS\system32\config\systemprofile\.m2\repository\org\attoparser\attoparser\2.0.5.RELEASE\attoparser-2.0.5.RELEASE.jar;C:\WINDOWS\system32\config\systemprofile\.m2\repository\org\unbescape\unbescape\1.1.6.RELEASE\unbescape-1.1.6.RELEASE.jar;C:\WINDOWS\system32\config\systemprofile\.m2\repository\org\thymeleaf\extras\thymeleaf-extras-java8time\3.0.4.RELEASE\thymeleaf-extras-java8time-3.0.4.RELEASE.jar;C:\WINDOWS\system32\config\systemprofile\.m2\repository\org\springframework\boot\spring-boot-starter-validation\2.4.5\spring-boot-starter-validation-2.4.5.jar;C:\WINDOWS\system32\config\systemprofile\.m2\repository\org\glassfish\jakarta.el\3.0.3\jakarta.el-3.0.3.jar;C:\WINDOWS\system32\config\systemprofile\.m2\repository\org\hibernate\validator\hibernate-validator\6.1.7.Final\hibernate-validator-6.1.7.Final.jar;C:\WINDOWS\system32\config\systemprofile\.m2\repository\jakarta\validation\jakarta.validation-api\2.0.2\jakarta.validation-api-2.0.2.jar;C:\WINDOWS\system32\config\systemprofile\.m2\repository\org\jboss\logging\jboss-logging\3.4.1.Final\jboss-logging-3.4.1.Final.jar;C:\WINDOWS\system32\config\systemprofile\.m2\repository\com\fasterxml\classmate\1.5.1\classmate-1.5.1.jar;C:\WINDOWS\system32\config\systemprofile\.m2\repository\org\springframework\boot\spring-boot-starter-web\2.4.5\spring-boot-starter-web-2.4.5.jar;C:\WINDOWS\system32\config\systemprofile\.m2\repository\org\springframework\boot\spring-boot-starter-json\2.4.5\spring-boot-starter-json-2.4.5.jar;C:\WINDOWS\system32\config\systemprofile\.m2\repository\com\fasterxml\jackson\core\jackson-databind\2.11.4\jackson-databind-2.11.4.jar;C:\WINDOWS\system32\config\systemprofile\.m2\repository\com\fasterxml\jackson\core\jackson-annotations\2.11.4\jackson-annotations-2.11.4.jar;C:\WINDOWS\system32\config\systemprofile\.m2\repository\com\fasterxml\jackson\core\jackson-core\2.11.4\jackson-core-2.11.4.jar;C:\WINDOWS\system32\config\systemprofile\.m2\repository\com\fasterxml\jackson\datatype\jackson-datatype-jdk8\2.11.4\jackson-datatype-jdk8-2.11.4.jar;C:\WINDOWS\system32\config\systemprofile\.m2\repository\com\fasterxml\jackson\datatype\jackson-datatype-jsr310\2.11.4\jackson-datatype-jsr310-2.11.4.jar;C:\WINDOWS\system32\config\systemprofile\.m2\repository\com\fasterxml\jackson\module\jackson-module-parameter-names\2.11.4\jackson-module-parameter-names-2.11.4.jar;C:\WINDOWS\system32\config\systemprofile\.m2\repository\org\springframework\boot\spring-boot-starter-tomcat\2.4.5\spring-boot-starter-tomcat-2.4.5.jar;C:\WINDOWS\system32\config\systemprofile\.m2\repository\org\apache\tomcat\embed\tomcat-embed-core\9.0.45\tomcat-embed-core-9.0.45.jar;C:\WINDOWS\system32\config\systemprofile\.m2\repository\org\apache\tomcat\embed\tomcat-embed-websocket\9.0.45\tomcat-embed-websocket-9.0.45.jar;C:\WINDOWS\system32\config\systemprofile\.m2\repository\org\springframework\spring-web\5.3.6\spring-web-5.3.6.jar;C:\WINDOWS\system32\config\systemprofile\.m2\repository\org\springframework\spring-webmvc\5.3.6\spring-webmvc-5.3.6.jar;C:\WINDOWS\system32\config\systemprofile\.m2\repository\org\springframework\spring-context\5.3.6\spring-context-5.3.6.jar;C:\WINDOWS\system32\config\systemprofile\.m2\repository\org\springframework\spring-expression\5.3.6\spring-expression-5.3.6.jar;C:\WINDOWS\system32\config\systemprofile\.m2\repository\org\projectlombok\lombok\1.18.20\lombok-1.18.20.jar;C:\WINDOWS\system32\config\systemprofile\.m2\repository\com\google\guava\guava\14.0\guava-14.0.jar;C:\WINDOWS\system32\config\systemprofile\.m2\repository\org\springframework\boot\spring-boot-starter-test\2.4.5\spring-boot-starter-test-2.4.5.jar;C:\WINDOWS\system32\config\systemprofile\.m2\repository\org\springframework\boot\spring-boot-test\2.4.5\spring-boot-test-2.4.5.jar;C:\WINDOWS\system32\config\systemprofile\.m2\repository\org\springframework\boot\spring-boot-test-autoconfigure\2.4.5\spring-boot-test-autoconfigure-2.4.5.jar;C:\WINDOWS\system32\config\systemprofile\.m2\repository\com\jayway\jsonpath\json-path\2.4.0\json-path-2.4.0.jar;C:\WINDOWS\system32\config\systemprofile\.m2\repository\net\minidev\json-smart\2.3\json-smart-2.3.jar;C:\WINDOWS\system32\config\systemprofile\.m2\repository\net\minidev\accessors-smart\1.2\accessors-smart-1.2.jar;C:\WINDOWS\system32\config\systemprofile\.m2\repository\org\ow2\asm\asm\5.0.4\asm-5.0.4.jar;C:\WINDOWS\system32\config\systemprofile\.m2\repository\jakarta\xml\bind\jakarta.xml.bind-api\2.3.3\jakarta.xml.bind-api-2.3.3.jar;C:\WINDOWS\system32\config\systemprofile\.m2\repository\jakarta\activation\jakarta.activation-api\1.2.2\jakarta.activation-api-1.2.2.jar;C:\WINDOWS\system32\config\systemprofile\.m2\repository\org\assertj\assertj-core\3.18.1\assertj-core-3.18.1.jar;C:\WINDOWS\system32\config\systemprofile\.m2\repository\org\hamcrest\hamcrest\2.2\hamcrest-2.2.jar;C:\WINDOWS\system32\config\systemprofile\.m2\repository\org\junit\jupiter\junit-jupiter\5.7.1\junit-jupiter-5.7.1.jar;C:\WINDOWS\system32\config\systemprofile\.m2\repository\org\junit\jupiter\junit-jupiter-api\5.7.1\junit-jupiter-api-5.7.1.jar;C:\WINDOWS\system32\config\systemprofile\.m2\repository\org\opentest4j\opentest4j\1.2.0\opentest4j-1.2.0.jar;C:\WINDOWS\system32\config\systemprofile\.m2\repository\org\junit\platform\junit-platform-commons\1.7.1\junit-platform-commons-1.7.1.jar;C:\WINDOWS\system32\config\systemprofile\.m2\repository\org\junit\jupiter\junit-jupiter-params\5.7.1\junit-jupiter-params-5.7.1.jar;C:\WINDOWS\system32\config\systemprofile\.m2\repository\org\junit\jupiter\junit-jupiter-engine\5.7.1\junit-jupiter-engine-5.7.1.jar;C:\WINDOWS\system32\config\systemprofile\.m2\repository\org\mockito\mockito-core\3.6.28\mockito-core-3.6.28.jar;C:\WINDOWS\system32\config\systemprofile\.m2\repository\net\bytebuddy\byte-buddy\1.10.22\byte-buddy-1.10.22.jar;C:\WINDOWS\system32\config\systemprofile\.m2\repository\net\bytebuddy\byte-buddy-agent\1.10.22\byte-buddy-agent-1.10.22.jar;C:\WINDOWS\system32\config\systemprofile\.m2\repository\org\mockito\mockito-junit-jupiter\3.6.28\mockito-junit-jupiter-3.6.28.jar;C:\WINDOWS\system32\config\systemprofile\.m2\repository\org\skyscreamer\jsonassert\1.5.0\jsonassert-1.5.0.jar;C:\WINDOWS\system32\config\systemprofile\.m2\repository\com\vaadin\external\google\android-json\0.0.20131108.vaadin1\android-json-0.0.20131108.vaadin1.jar;C:\WINDOWS\system32\config\systemprofile\.m2\repository\org\springframework\spring-core\5.3.6\spring-core-5.3.6.jar;C:\WINDOWS\system32\config\systemprofile\.m2\repository\org\springframework\spring-jcl\5.3.6\spring-jcl-5.3.6.jar;C:\WINDOWS\system32\config\systemprofile\.m2\repository\org\springframework\spring-test\5.3.6\spring-test-5.3.6.jar;C:\WINDOWS\system32\config\systemprofile\.m2\repository\org\xmlunit\xmlunit-core\2.7.0\xmlunit-core-2.7.0.jar;C:\WINDOWS\system32\config\systemprofile\.m2\repository\com\github\springtestdbunit\spring-test-dbunit\1.3.0\spring-test-dbunit-1.3.0.jar;C:\WINDOWS\system32\config\systemprofile\.m2\repository\org\dbunit\dbunit\2.5.4\dbunit-2.5.4.jar;C:\WINDOWS\system32\config\systemprofile\.m2\repository\org\slf4j\slf4j-api\1.7.30\slf4j-api-1.7.30.jar;C:\WINDOWS\system32\config\systemprofile\.m2\repository\commons-collections\commons-collections\3.2.2\commons-collections-3.2.2.jar;C:\WINDOWS\system32\config\systemprofile\.m2\repository\org\apache\poi\poi-ooxml\3.14\poi-ooxml-3.14.jar;C:\WINDOWS\system32\config\systemprofile\.m2\repository\org\apache\poi\poi\3.14\poi-3.14.jar;C:\WINDOWS\system32\config\systemprofile\.m2\repository\commons-codec\commons-codec\1.15\commons-codec-1.15.jar;C:\WINDOWS\system32\config\systemprofile\.m2\repository\org\apache\poi\poi-ooxml-schemas\3.14\poi-ooxml-schemas-3.14.jar;C:\WINDOWS\system32\config\systemprofile\.m2\repository\org\apache\xmlbeans\xmlbeans\2.6.0\xmlbeans-2.6.0.jar;C:\WINDOWS\system32\config\systemprofile\.m2\repository\stax\stax-api\1.0.1\stax-api-1.0.1.jar;C:\WINDOWS\system32\config\systemprofile\.m2\repository\com\github\virtuald\curvesapi\1.03\curvesapi-1.03.jar;C:\WINDOWS\system32\config\systemprofile\.m2\repository\org\springframework\boot\spring-boot-devtools\2.4.5\spring-boot-devtools-2.4.5.jar;C:\WINDOWS\system32\config\systemprofile\.m2\repository\org\springframework\boot\spring-boot\2.4.5\spring-boot-2.4.5.jar;C:\WINDOWS\system32\config\systemprofile\.m2\repository\org\springframework\boot\spring-boot-autoconfigure\2.4.5\spring-boot-autoconfigure-2.4.5.jar;C:\WINDOWS\system32\config\systemprofile\.m2\repository\mysql\mysql-connector-java\8.0.23\mysql-connector-java-8.0.23.jar;C:\WINDOWS\system32\config\systemprofile\.m2\repository\junit\junit\4.13.2\junit-4.13.2.jar;C:\WINDOWS\system32\config\systemprofile\.m2\repository\org\hamcrest\hamcrest-core\2.2\hamcrest-core-2.2.jar;C:\WINDOWS\system32\config\systemprofile\.m2\repository\org\junit\platform\junit-platform-runner\1.2.0\junit-platform-runner-1.2.0.jar;C:\WINDOWS\system32\config\systemprofile\.m2\repository\org\apiguardian\apiguardian-api\1.0.0\apiguardian-api-1.0.0.jar;C:\WINDOWS\system32\config\systemprofile\.m2\repository\org\junit\platform\junit-platform-launcher\1.7.1\junit-platform-launcher-1.7.1.jar;C:\WINDOWS\system32\config\systemprofile\.m2\repository\org\junit\platform\junit-platform-engine\1.7.1\junit-platform-engine-1.7.1.jar;C:\WINDOWS\system32\config\systemprofile\.m2\repository\org\junit\platform\junit-platform-suite-api\1.7.1\junit-platform-suite-api-1.7.1.jar;C:\WINDOWS\system32\config\systemprofile\.m2\repository\org\easymock\easymock\3.4\easymock-3.4.jar;C:\WINDOWS\system32\config\systemprofile\.m2\repository\org\objenesis\objenesis\2.2\objenesis-2.2.jar;"/>
    <property name="java.vm.vendor" value="Oracle Corporation"/>
    <property name="sun.arch.data.model" value="64"/>
    <property name="user.variant" value=""/>
    <property name="java.vendor.url" value="http://java.oracle.com/"/>
    <property name="user.timezone" value="Asia/Tokyo"/>
    <property name="java.vm.specification.version" value="9"/>
    <property name="os.name" value="Windows 10"/>
    <property name="sun.java.launcher" value="SUN_STANDARD"/>
    <property name="user.country" value="JP"/>
    <property name="sun.boot.library.path" value="C:\ProgramData\Jenkins\.jenkins\tools\hudson.model.JDK\JDK_9.0.4\bin"/>
    <property name="sun.java.command" value="C:\Windows\Temp\surefire1084639790637485474\surefirebooter-20221020094343846_3.jar C:\Windows\Temp\surefire1084639790637485474 2022-10-20T09-43-42_787-jvmRun1 surefire-20221020094343846_1tmp surefire_0-20221020094343846_2tmp"/>
    <property name="jdk.debug" value="release"/>
    <property name="surefire.test.class.path" value="C:\17.Web.Warehouse\target\test-classes;C:\17.Web.Warehouse\target\classes;C:\WINDOWS\system32\config\systemprofile\.m2\repository\org\mybatis\spring\boot\mybatis-spring-boot-starter\1.3.2\mybatis-spring-boot-starter-1.3.2.jar;C:\WINDOWS\system32\config\systemprofile\.m2\repository\org\springframework\boot\spring-boot-starter\2.4.5\spring-boot-starter-2.4.5.jar;C:\WINDOWS\system32\config\systemprofile\.m2\repository\org\springframework\boot\spring-boot-starter-logging\2.4.5\spring-boot-starter-logging-2.4.5.jar;C:\WINDOWS\system32\config\systemprofile\.m2\repository\ch\qos\logback\logback-classic\1.2.3\logback-classic-1.2.3.jar;C:\WINDOWS\system32\config\systemprofile\.m2\repository\ch\qos\logback\logback-core\1.2.3\logback-core-1.2.3.jar;C:\WINDOWS\system32\config\systemprofile\.m2\repository\org\apache\logging\log4j\log4j-to-slf4j\2.13.3\log4j-to-slf4j-2.13.3.jar;C:\WINDOWS\system32\config\systemprofile\.m2\repository\org\apache\logging\log4j\log4j-api\2.13.3\log4j-api-2.13.3.jar;C:\WINDOWS\system32\config\systemprofile\.m2\repository\org\slf4j\jul-to-slf4j\1.7.30\jul-to-slf4j-1.7.30.jar;C:\WINDOWS\system32\config\systemprofile\.m2\repository\jakarta\annotation\jakarta.annotation-api\1.3.5\jakarta.annotation-api-1.3.5.jar;C:\WINDOWS\system32\config\systemprofile\.m2\repository\org\yaml\snakeyaml\1.27\snakeyaml-1.27.jar;C:\WINDOWS\system32\config\systemprofile\.m2\repository\org\springframework\boot\spring-boot-starter-jdbc\2.4.5\spring-boot-starter-jdbc-2.4.5.jar;C:\WINDOWS\system32\config\systemprofile\.m2\repository\com\zaxxer\HikariCP\3.4.5\HikariCP-3.4.5.jar;C:\WINDOWS\system32\config\systemprofile\.m2\repository\org\springframework\spring-jdbc\5.3.6\spring-jdbc-5.3.6.jar;C:\WINDOWS\system32\config\systemprofile\.m2\repository\org\springframework\spring-tx\5.3.6\spring-tx-5.3.6.jar;C:\WINDOWS\system32\config\systemprofile\.m2\repository\org\mybatis\spring\boot\mybatis-spring-boot-autoconfigure\1.3.2\mybatis-spring-boot-autoconfigure-1.3.2.jar;C:\WINDOWS\system32\config\systemprofile\.m2\repository\org\mybatis\mybatis\3.4.6\mybatis-3.4.6.jar;C:\WINDOWS\system32\config\systemprofile\.m2\repository\org\mybatis\mybatis-spring\1.3.2\mybatis-spring-1.3.2.jar;C:\WINDOWS\system32\config\systemprofile\.m2\repository\org\springframework\boot\spring-boot-starter-aop\2.4.5\spring-boot-starter-aop-2.4.5.jar;C:\WINDOWS\system32\config\systemprofile\.m2\repository\org\springframework\spring-aop\5.3.6\spring-aop-5.3.6.jar;C:\WINDOWS\system32\config\systemprofile\.m2\repository\org\springframework\spring-beans\5.3.6\spring-beans-5.3.6.jar;C:\WINDOWS\system32\config\systemprofile\.m2\repository\org\aspectj\aspectjweaver\1.9.6\aspectjweaver-1.9.6.jar;C:\WINDOWS\system32\config\systemprofile\.m2\repository\org\springframework\boot\spring-boot-starter-thymeleaf\2.4.5\spring-boot-starter-thymeleaf-2.4.5.jar;C:\WINDOWS\system32\config\systemprofile\.m2\repository\org\thymeleaf\thymeleaf-spring5\3.0.12.RELEASE\thymeleaf-spring5-3.0.12.RELEASE.jar;C:\WINDOWS\system32\config\systemprofile\.m2\repository\org\thymeleaf\thymeleaf\3.0.12.RELEASE\thymeleaf-3.0.12.RELEASE.jar;C:\WINDOWS\system32\config\systemprofile\.m2\repository\org\attoparser\attoparser\2.0.5.RELEASE\attoparser-2.0.5.RELEASE.jar;C:\WINDOWS\system32\config\systemprofile\.m2\repository\org\unbescape\unbescape\1.1.6.RELEASE\unbescape-1.1.6.RELEASE.jar;C:\WINDOWS\system32\config\systemprofile\.m2\repository\org\thymeleaf\extras\thymeleaf-extras-java8time\3.0.4.RELEASE\thymeleaf-extras-java8time-3.0.4.RELEASE.jar;C:\WINDOWS\system32\config\systemprofile\.m2\repository\org\springframework\boot\spring-boot-starter-validation\2.4.5\spring-boot-starter-validation-2.4.5.jar;C:\WINDOWS\system32\config\systemprofile\.m2\repository\org\glassfish\jakarta.el\3.0.3\jakarta.el-3.0.3.jar;C:\WINDOWS\system32\config\systemprofile\.m2\repository\org\hibernate\validator\hibernate-validator\6.1.7.Final\hibernate-validator-6.1.7.Final.jar;C:\WINDOWS\system32\config\systemprofile\.m2\repository\jakarta\validation\jakarta.validation-api\2.0.2\jakarta.validation-api-2.0.2.jar;C:\WINDOWS\system32\config\systemprofile\.m2\repository\org\jboss\logging\jboss-logging\3.4.1.Final\jboss-logging-3.4.1.Final.jar;C:\WINDOWS\system32\config\systemprofile\.m2\repository\com\fasterxml\classmate\1.5.1\classmate-1.5.1.jar;C:\WINDOWS\system32\config\systemprofile\.m2\repository\org\springframework\boot\spring-boot-starter-web\2.4.5\spring-boot-starter-web-2.4.5.jar;C:\WINDOWS\system32\config\systemprofile\.m2\repository\org\springframework\boot\spring-boot-starter-json\2.4.5\spring-boot-starter-json-2.4.5.jar;C:\WINDOWS\system32\config\systemprofile\.m2\repository\com\fasterxml\jackson\core\jackson-databind\2.11.4\jackson-databind-2.11.4.jar;C:\WINDOWS\system32\config\systemprofile\.m2\repository\com\fasterxml\jackson\core\jackson-annotations\2.11.4\jackson-annotations-2.11.4.jar;C:\WINDOWS\system32\config\systemprofile\.m2\repository\com\fasterxml\jackson\core\jackson-core\2.11.4\jackson-core-2.11.4.jar;C:\WINDOWS\system32\config\systemprofile\.m2\repository\com\fasterxml\jackson\datatype\jackson-datatype-jdk8\2.11.4\jackson-datatype-jdk8-2.11.4.jar;C:\WINDOWS\system32\config\systemprofile\.m2\repository\com\fasterxml\jackson\datatype\jackson-datatype-jsr310\2.11.4\jackson-datatype-jsr310-2.11.4.jar;C:\WINDOWS\system32\config\systemprofile\.m2\repository\com\fasterxml\jackson\module\jackson-module-parameter-names\2.11.4\jackson-module-parameter-names-2.11.4.jar;C:\WINDOWS\system32\config\systemprofile\.m2\repository\org\springframework\boot\spring-boot-starter-tomcat\2.4.5\spring-boot-starter-tomcat-2.4.5.jar;C:\WINDOWS\system32\config\systemprofile\.m2\repository\org\apache\tomcat\embed\tomcat-embed-core\9.0.45\tomcat-embed-core-9.0.45.jar;C:\WINDOWS\system32\config\systemprofile\.m2\repository\org\apache\tomcat\embed\tomcat-embed-websocket\9.0.45\tomcat-embed-websocket-9.0.45.jar;C:\WINDOWS\system32\config\systemprofile\.m2\repository\org\springframework\spring-web\5.3.6\spring-web-5.3.6.jar;C:\WINDOWS\system32\config\systemprofile\.m2\repository\org\springframework\spring-webmvc\5.3.6\spring-webmvc-5.3.6.jar;C:\WINDOWS\system32\config\systemprofile\.m2\repository\org\springframework\spring-context\5.3.6\spring-context-5.3.6.jar;C:\WINDOWS\system32\config\systemprofile\.m2\repository\org\springframework\spring-expression\5.3.6\spring-expression-5.3.6.jar;C:\WINDOWS\system32\config\systemprofile\.m2\repository\org\projectlombok\lombok\1.18.20\lombok-1.18.20.jar;C:\WINDOWS\system32\config\systemprofile\.m2\repository\com\google\guava\guava\14.0\guava-14.0.jar;C:\WINDOWS\system32\config\systemprofile\.m2\repository\org\springframework\boot\spring-boot-starter-test\2.4.5\spring-boot-starter-test-2.4.5.jar;C:\WINDOWS\system32\config\systemprofile\.m2\repository\org\springframework\boot\spring-boot-test\2.4.5\spring-boot-test-2.4.5.jar;C:\WINDOWS\system32\config\systemprofile\.m2\repository\org\springframework\boot\spring-boot-test-autoconfigure\2.4.5\spring-boot-test-autoconfigure-2.4.5.jar;C:\WINDOWS\system32\config\systemprofile\.m2\repository\com\jayway\jsonpath\json-path\2.4.0\json-path-2.4.0.jar;C:\WINDOWS\system32\config\systemprofile\.m2\repository\net\minidev\json-smart\2.3\json-smart-2.3.jar;C:\WINDOWS\system32\config\systemprofile\.m2\repository\net\minidev\accessors-smart\1.2\accessors-smart-1.2.jar;C:\WINDOWS\system32\config\systemprofile\.m2\repository\org\ow2\asm\asm\5.0.4\asm-5.0.4.jar;C:\WINDOWS\system32\config\systemprofile\.m2\repository\jakarta\xml\bind\jakarta.xml.bind-api\2.3.3\jakarta.xml.bind-api-2.3.3.jar;C:\WINDOWS\system32\config\systemprofile\.m2\repository\jakarta\activation\jakarta.activation-api\1.2.2\jakarta.activation-api-1.2.2.jar;C:\WINDOWS\system32\config\systemprofile\.m2\repository\org\assertj\assertj-core\3.18.1\assertj-core-3.18.1.jar;C:\WINDOWS\system32\config\systemprofile\.m2\repository\org\hamcrest\hamcrest\2.2\hamcrest-2.2.jar;C:\WINDOWS\system32\config\systemprofile\.m2\repository\org\junit\jupiter\junit-jupiter\5.7.1\junit-jupiter-5.7.1.jar;C:\WINDOWS\system32\config\systemprofile\.m2\repository\org\junit\jupiter\junit-jupiter-api\5.7.1\junit-jupiter-api-5.7.1.jar;C:\WINDOWS\system32\config\systemprofile\.m2\repository\org\opentest4j\opentest4j\1.2.0\opentest4j-1.2.0.jar;C:\WINDOWS\system32\config\systemprofile\.m2\repository\org\junit\platform\junit-platform-commons\1.7.1\junit-platform-commons-1.7.1.jar;C:\WINDOWS\system32\config\systemprofile\.m2\repository\org\junit\jupiter\junit-jupiter-params\5.7.1\junit-jupiter-params-5.7.1.jar;C:\WINDOWS\system32\config\systemprofile\.m2\repository\org\junit\jupiter\junit-jupiter-engine\5.7.1\junit-jupiter-engine-5.7.1.jar;C:\WINDOWS\system32\config\systemprofile\.m2\repository\org\mockito\mockito-core\3.6.28\mockito-core-3.6.28.jar;C:\WINDOWS\system32\config\systemprofile\.m2\repository\net\bytebuddy\byte-buddy\1.10.22\byte-buddy-1.10.22.jar;C:\WINDOWS\system32\config\systemprofile\.m2\repository\net\bytebuddy\byte-buddy-agent\1.10.22\byte-buddy-agent-1.10.22.jar;C:\WINDOWS\system32\config\systemprofile\.m2\repository\org\mockito\mockito-junit-jupiter\3.6.28\mockito-junit-jupiter-3.6.28.jar;C:\WINDOWS\system32\config\systemprofile\.m2\repository\org\skyscreamer\jsonassert\1.5.0\jsonassert-1.5.0.jar;C:\WINDOWS\system32\config\systemprofile\.m2\repository\com\vaadin\external\google\android-json\0.0.20131108.vaadin1\android-json-0.0.20131108.vaadin1.jar;C:\WINDOWS\system32\config\systemprofile\.m2\repository\org\springframework\spring-core\5.3.6\spring-core-5.3.6.jar;C:\WINDOWS\system32\config\systemprofile\.m2\repository\org\springframework\spring-jcl\5.3.6\spring-jcl-5.3.6.jar;C:\WINDOWS\system32\config\systemprofile\.m2\repository\org\springframework\spring-test\5.3.6\spring-test-5.3.6.jar;C:\WINDOWS\system32\config\systemprofile\.m2\repository\org\xmlunit\xmlunit-core\2.7.0\xmlunit-core-2.7.0.jar;C:\WINDOWS\system32\config\systemprofile\.m2\repository\com\github\springtestdbunit\spring-test-dbunit\1.3.0\spring-test-dbunit-1.3.0.jar;C:\WINDOWS\system32\config\systemprofile\.m2\repository\org\dbunit\dbunit\2.5.4\dbunit-2.5.4.jar;C:\WINDOWS\system32\config\systemprofile\.m2\repository\org\slf4j\slf4j-api\1.7.30\slf4j-api-1.7.30.jar;C:\WINDOWS\system32\config\systemprofile\.m2\repository\commons-collections\commons-collections\3.2.2\commons-collections-3.2.2.jar;C:\WINDOWS\system32\config\systemprofile\.m2\repository\org\apache\poi\poi-ooxml\3.14\poi-ooxml-3.14.jar;C:\WINDOWS\system32\config\systemprofile\.m2\repository\org\apache\poi\poi\3.14\poi-3.14.jar;C:\WINDOWS\system32\config\systemprofile\.m2\repository\commons-codec\commons-codec\1.15\commons-codec-1.15.jar;C:\WINDOWS\system32\config\systemprofile\.m2\repository\org\apache\poi\poi-ooxml-schemas\3.14\poi-ooxml-schemas-3.14.jar;C:\WINDOWS\system32\config\systemprofile\.m2\repository\org\apache\xmlbeans\xmlbeans\2.6.0\xmlbeans-2.6.0.jar;C:\WINDOWS\system32\config\systemprofile\.m2\repository\stax\stax-api\1.0.1\stax-api-1.0.1.jar;C:\WINDOWS\system32\config\systemprofile\.m2\repository\com\github\virtuald\curvesapi\1.03\curvesapi-1.03.jar;C:\WINDOWS\system32\config\systemprofile\.m2\repository\org\springframework\boot\spring-boot-devtools\2.4.5\spring-boot-devtools-2.4.5.jar;C:\WINDOWS\system32\config\systemprofile\.m2\repository\org\springframework\boot\spring-boot\2.4.5\spring-boot-2.4.5.jar;C:\WINDOWS\system32\config\systemprofile\.m2\repository\org\springframework\boot\spring-boot-autoconfigure\2.4.5\spring-boot-autoconfigure-2.4.5.jar;C:\WINDOWS\system32\config\systemprofile\.m2\repository\mysql\mysql-connector-java\8.0.23\mysql-connector-java-8.0.23.jar;C:\WINDOWS\system32\config\systemprofile\.m2\repository\junit\junit\4.13.2\junit-4.13.2.jar;C:\WINDOWS\system32\config\systemprofile\.m2\repository\org\hamcrest\hamcrest-core\2.2\hamcrest-core-2.2.jar;C:\WINDOWS\system32\config\systemprofile\.m2\repository\org\junit\platform\junit-platform-runner\1.2.0\junit-platform-runner-1.2.0.jar;C:\WINDOWS\system32\config\systemprofile\.m2\repository\org\apiguardian\apiguardian-api\1.0.0\apiguardian-api-1.0.0.jar;C:\WINDOWS\system32\config\systemprofile\.m2\repository\org\junit\platform\junit-platform-launcher\1.7.1\junit-platform-launcher-1.7.1.jar;C:\WINDOWS\system32\config\systemprofile\.m2\repository\org\junit\platform\junit-platform-engine\1.7.1\junit-platform-engine-1.7.1.jar;C:\WINDOWS\system32\config\systemprofile\.m2\repository\org\junit\platform\junit-platform-suite-api\1.7.1\junit-platform-suite-api-1.7.1.jar;C:\WINDOWS\system32\config\systemprofile\.m2\repository\org\easymock\easymock\3.4\easymock-3.4.jar;C:\WINDOWS\system32\config\systemprofile\.m2\repository\org\objenesis\objenesis\2.2\objenesis-2.2.jar;"/>
    <property name="sun.cpu.endian" value="little"/>
    <property name="user.home" value="C:\WINDOWS\system32\config\systemprofile"/>
    <property name="user.language" value="ja"/>
    <property name="java.specification.vendor" value="Oracle Corporation"/>
    <property name="java.home" value="C:\ProgramData\Jenkins\.jenkins\tools\hudson.model.JDK\JDK_9.0.4"/>
    <property name="file.separator" value="\"/>
    <property name="basedir" value="C:\17.Web.Warehouse"/>
    <property name="java.vm.compressedOopsMode" value="32-bit"/>
    <property name="line.separator" value="&#10;"/>
    <property name="java.vm.specification.vendor" value="Oracle Corporation"/>
    <property name="java.specification.name" value="Java Platform API Specification"/>
    <property name="FILE_LOG_CHARSET" value="windows-31j"/>
    <property name="java.awt.graphicsenv" value="sun.awt.Win32GraphicsEnvironment"/>
    <property name="java.awt.headless" value="true"/>
    <property name="surefire.real.class.path" value="C:\Windows\Temp\surefire1084639790637485474\surefirebooter-20221020094343846_3.jar"/>
    <property name="user.script" value=""/>
    <property name="sun.management.compiler" value="HotSpot 64-Bit Tiered Compilers"/>
    <property name="java.runtime.version" value="9.0.4+11"/>
    <property name="user.name" value="HLP03-134$"/>
    <property name="path.separator" value=";"/>
    <property name="os.version" value="10.0"/>
    <property name="java.runtime.name" value="Java(TM) SE Runtime Environment"/>
    <property name="file.encoding" value="MS932"/>
    <property name="spring.beaninfo.ignore" value="true"/>
    <property name="java.vm.name" value="Java HotSpot(TM) 64-Bit Server VM"/>
    <property name="localRepository" value="C:\WINDOWS\system32\config\systemprofile\.m2\repository"/>
    <property name="java.vendor.url.bug" value="http://bugreport.java.com/bugreport/"/>
    <property name="java.io.tmpdir" value="C:\WINDOWS\TEMP\"/>
    <property name="com.zaxxer.hikari.pool_number" value="1"/>
    <property name="java.version" value="9.0.4"/>
    <property name="user.dir" value="C:\17.Web.Warehouse"/>
    <property name="os.arch" value="amd64"/>
    <property name="java.vm.specification.name" value="Java Virtual Machine Specification"/>
    <property name="PID" value="17660"/>
    <property name="java.awt.printerjob" value="sun.awt.windows.WPrinterJob"/>
    <property name="sun.os.patch.level" value=""/>
    <property name="CONSOLE_LOG_CHARSET" value="windows-31j"/>
    <property name="java.library.path" value="C:\ProgramData\Jenkins\.jenkins\tools\hudson.model.JDK\JDK_9.0.4\bin;C:\WINDOWS\Sun\Java\bin;C:\WINDOWS\system32;C:\WINDOWS;C:\ProgramData\Jenkins\.jenkins\tools\hudson.tasks.Maven_MavenInstallation\Maven3.8.6/bin;C:\ProgramData\Jenkins\.jenkins\tools\hudson.model.JDK\JDK_9.0.4/bin;C:\ProgramData\Jenkins\.jenkins\tools\hudson.model.JDK\JDK_9.0.4/bin;C:\WINDOWS\system32;C:\WINDOWS;C:\WINDOWS\System32\Wbem;C:\WINDOWS\System32\WindowsPowerShell\v1.0\;C:\WINDOWS\System32\OpenSSH\;C:\Program Files (x86)\MySQL\MySQL Server 5.7\bin;C:\Program Files\Git\cmd;C:\WINDOWS\system32\config\systemprofile\AppData\Local\Microsoft\WindowsApps;."/>
    <property name="java.vm.info" value="mixed mode"/>
    <property name="java.vendor" value="Oracle Corporation"/>
    <property name="java.vm.version" value="9.0.4+11"/>
    <property name="sun.io.unicode.encoding" value="UnicodeLittle"/>
    <property name="java.class.version" value="53.0"/>
  </properties>
  <testcase name="testCreateStock_異常系_登録済みの商品コード" classname="com.example.inventory.business.service.InventoryServiceTest" time="0">
    <system-out><![CDATA[2022-10-20 09:44:02.296  INFO 17660 --- [           main] .b.t.c.SpringBootTestContextBootstrapper : Neither @ContextConfiguration nor @ContextHierarchy found for test class [com.example.inventory.business.service.InventoryServiceTest], using SpringBootContextLoader
2022-10-20 09:44:02.298  INFO 17660 --- [           main] o.s.t.c.support.AbstractContextLoader    : Could not detect default resource locations for test class [com.example.inventory.business.service.InventoryServiceTest]: no resource found for suffixes {-context.xml, Context.groovy}.
2022-10-20 09:44:02.298  INFO 17660 --- [           main] t.c.s.AnnotationConfigContextLoaderUtils : Could not detect default configuration classes for test class [com.example.inventory.business.service.InventoryServiceTest]: InventoryServiceTest does not declare any static, non-private, non-final, nested classes annotated with @Configuration.
2022-10-20 09:44:02.320  INFO 17660 --- [           main] .b.t.c.SpringBootTestContextBootstrapper : Found @SpringBootConfiguration com.example.Application for test class com.example.inventory.business.service.InventoryServiceTest
2022-10-20 09:44:02.324  INFO 17660 --- [           main] .b.t.c.SpringBootTestContextBootstrapper : Using TestExecutionListeners: [org.springframework.test.context.support.DependencyInjectionTestExecutionListener@5cb81002, org.springframework.test.context.support.DirtiesContextTestExecutionListener@3bb4cb24, org.springframework.test.context.transaction.TransactionalTestExecutionListener@6f240c3, com.github.springtestdbunit.DbUnitTestExecutionListener@3a439ff7]
2022-10-20 09:44:02.331  INFO 17660 --- [           main] o.s.t.c.transaction.TransactionContext   : Began transaction (1) for test context [DefaultTestContext@55f3c631 testClass = InventoryServiceTest, testInstance = com.example.inventory.business.service.InventoryServiceTest@7f77b24, testMethod = testCreateStock_異常系_登録済みの商品コード@InventoryServiceTest, testException = [null], mergedContextConfiguration = [WebMergedContextConfiguration@3df0ac0 testClass = InventoryServiceTest, locations = '{}', classes = '{class com.example.Application}', contextInitializerClasses = '[]', activeProfiles = '{}', propertySourceLocations = '{}', propertySourceProperties = '{org.springframework.boot.test.context.SpringBootTestContextBootstrapper=true}', contextCustomizers = set[org.springframework.boot.test.context.filter.ExcludeFilterContextCustomizer@19a20bb2, org.springframework.boot.test.json.DuplicateJsonObjectContextCustomizerFactory$DuplicateJsonObjectContextCustomizer@10947c4e, org.springframework.boot.test.mock.mockito.MockitoContextCustomizer@0, org.springframework.boot.test.web.client.TestRestTemplateContextCustomizer@54089484, org.springframework.boot.test.autoconfigure.actuate.metrics.MetricsExportContextCustomizerFactory$DisableMetricExportContextCustomizer@753fd7a1, org.springframework.boot.test.autoconfigure.properties.PropertyMappingContextCustomizer@0, org.springframework.boot.test.autoconfigure.web.servlet.WebDriverContextCustomizerFactory$Customizer@45658133, org.springframework.boot.test.context.SpringBootTestArgs@1, org.springframework.boot.test.context.SpringBootTestWebEnvironment@4af45442], resourceBasePath = 'src/main/webapp', contextLoader = 'org.springframework.boot.test.context.SpringBootContextLoader', parent = [null]], attributes = map['org.springframework.test.context.web.ServletTestExecutionListener.activateListener' -> true, 'com.github.springtestdbunit.DbUnitTestExecutionListener.connection' -> com.github.springtestdbunit.DatabaseConnections@5d3498e, 'com.github.springtestdbunit.DbUnitTestExecutionListener.databseOperationLookup' -> com.github.springtestdbunit.operation.DefaultDatabaseOperationLookup@4e5ad54b, 'com.github.springtestdbunit.DbUnitTestExecutionListener.dataSetLoader' -> com.github.springtestdbunit.dataset.FlatXmlDataSetLoader@72c8b9ff]]; transaction manager [org.springframework.jdbc.support.JdbcTransactionManager@7d00bc8]; rollback [true]
2022-10-20 09:44:02.355  WARN 17660 --- [           main] o.dbunit.dataset.AbstractTableMetaData   : Potential problem found: The configured data type factory 'class org.dbunit.dataset.datatype.DefaultDataTypeFactory' might cause problems with the current database 'MySQL' (e.g. some datatypes may not be supported properly). In rare cases you might see this message because the list of supported database products is incomplete (list=[derby]). If so please request a java-class update via the forums.If you are using your own IDataTypeFactory extending DefaultDataTypeFactory, ensure that you override getValidDbProducts() to specify the supported database products.
2022-10-20 09:44:02.366  WARN 17660 --- [           main] o.dbunit.dataset.AbstractTableMetaData   : Potential problem found: The configured data type factory 'class org.dbunit.dataset.datatype.DefaultDataTypeFactory' might cause problems with the current database 'MySQL' (e.g. some datatypes may not be supported properly). In rare cases you might see this message because the list of supported database products is incomplete (list=[derby]). If so please request a java-class update via the forums.If you are using your own IDataTypeFactory extending DefaultDataTypeFactory, ensure that you override getValidDbProducts() to specify the supported database products.
2022-10-20 09:44:02.377  WARN 17660 --- [           main] o.dbunit.dataset.AbstractTableMetaData   : Potential problem found: The configured data type factory 'class org.dbunit.dataset.datatype.DefaultDataTypeFactory' might cause problems with the current database 'MySQL' (e.g. some datatypes may not be supported properly). In rare cases you might see this message because the list of supported database products is incomplete (list=[derby]). If so please request a java-class update via the forums.If you are using your own IDataTypeFactory extending DefaultDataTypeFactory, ensure that you override getValidDbProducts() to specify the supported database products.
2022-10-20 09:44:02.405  INFO 17660 --- [           main] o.s.t.c.transaction.TransactionContext   : Rolled back transaction for test: [DefaultTestContext@55f3c631 testClass = InventoryServiceTest, testInstance = com.example.inventory.business.service.InventoryServiceTest@7f77b24, testMethod = testCreateStock_異常系_登録済みの商品コード@InventoryServiceTest, testException = [null], mergedContextConfiguration = [WebMergedContextConfiguration@3df0ac0 testClass = InventoryServiceTest, locations = '{}', classes = '{class com.example.Application}', contextInitializerClasses = '[]', activeProfiles = '{}', propertySourceLocations = '{}', propertySourceProperties = '{org.springframework.boot.test.context.SpringBootTestContextBootstrapper=true}', contextCustomizers = set[org.springframework.boot.test.context.filter.ExcludeFilterContextCustomizer@19a20bb2, org.springframework.boot.test.json.DuplicateJsonObjectContextCustomizerFactory$DuplicateJsonObjectContextCustomizer@10947c4e, org.springframework.boot.test.mock.mockito.MockitoContextCustomizer@0, org.springframework.boot.test.web.client.TestRestTemplateContextCustomizer@54089484, org.springframework.boot.test.autoconfigure.actuate.metrics.MetricsExportContextCustomizerFactory$DisableMetricExportContextCustomizer@753fd7a1, org.springframework.boot.test.autoconfigure.properties.PropertyMappingContextCustomizer@0, org.springframework.boot.test.autoconfigure.web.servlet.WebDriverContextCustomizerFactory$Customizer@45658133, org.springframework.boot.test.context.SpringBootTestArgs@1, org.springframework.boot.test.context.SpringBootTestWebEnvironment@4af45442], resourceBasePath = 'src/main/webapp', contextLoader = 'org.springframework.boot.test.context.SpringBootContextLoader', parent = [null]], attributes = map['org.springframework.test.context.web.ServletTestExecutionListener.activateListener' -> true, 'com.github.springtestdbunit.DbUnitTestExecutionListener.connection' -> com.github.springtestdbunit.DatabaseConnections@5d3498e, 'com.github.springtestdbunit.DbUnitTestExecutionListener.databseOperationLookup' -> com.github.springtestdbunit.operation.DefaultDatabaseOperationLookup@4e5ad54b, 'com.github.springtestdbunit.DbUnitTestExecutionListener.dataSetLoader' -> com.github.springtestdbunit.dataset.FlatXmlDataSetLoader@72c8b9ff]]
]]></system-out>
  </testcase>
  <testcase name="testDeleteStock_異常系_削除済みの商品コード" classname="com.example.inventory.business.service.InventoryServiceTest" time="0.003">
    <system-out><![CDATA[2022-10-20 09:44:02.410  INFO 17660 --- [           main] o.s.t.c.transaction.TransactionContext   : Began transaction (1) for test context [DefaultTestContext@55f3c631 testClass = InventoryServiceTest, testInstance = com.example.inventory.business.service.InventoryServiceTest@10e0cfed, testMethod = testDeleteStock_異常系_削除済みの商品コード@InventoryServiceTest, testException = [null], mergedContextConfiguration = [WebMergedContextConfiguration@3df0ac0 testClass = InventoryServiceTest, locations = '{}', classes = '{class com.example.Application}', contextInitializerClasses = '[]', activeProfiles = '{}', propertySourceLocations = '{}', propertySourceProperties = '{org.springframework.boot.test.context.SpringBootTestContextBootstrapper=true}', contextCustomizers = set[org.springframework.boot.test.context.filter.ExcludeFilterContextCustomizer@19a20bb2, org.springframework.boot.test.json.DuplicateJsonObjectContextCustomizerFactory$DuplicateJsonObjectContextCustomizer@10947c4e, org.springframework.boot.test.mock.mockito.MockitoContextCustomizer@0, org.springframework.boot.test.web.client.TestRestTemplateContextCustomizer@54089484, org.springframework.boot.test.autoconfigure.actuate.metrics.MetricsExportContextCustomizerFactory$DisableMetricExportContextCustomizer@753fd7a1, org.springframework.boot.test.autoconfigure.properties.PropertyMappingContextCustomizer@0, org.springframework.boot.test.autoconfigure.web.servlet.WebDriverContextCustomizerFactory$Customizer@45658133, org.springframework.boot.test.context.SpringBootTestArgs@1, org.springframework.boot.test.context.SpringBootTestWebEnvironment@4af45442], resourceBasePath = 'src/main/webapp', contextLoader = 'org.springframework.boot.test.context.SpringBootContextLoader', parent = [null]], attributes = map['org.springframework.test.context.web.ServletTestExecutionListener.activateListener' -> true, 'com.github.springtestdbunit.DbUnitTestExecutionListener.connection' -> com.github.springtestdbunit.DatabaseConnections@75f02a41, 'com.github.springtestdbunit.DbUnitTestExecutionListener.databseOperationLookup' -> com.github.springtestdbunit.operation.DefaultDatabaseOperationLookup@6986cb80, 'com.github.springtestdbunit.DbUnitTestExecutionListener.dataSetLoader' -> com.github.springtestdbunit.dataset.FlatXmlDataSetLoader@47cdf8ff]]; transaction manager [org.springframework.jdbc.support.JdbcTransactionManager@7d00bc8]; rollback [true]
2022-10-20 09:44:02.429  WARN 17660 --- [           main] o.dbunit.dataset.AbstractTableMetaData   : Potential problem found: The configured data type factory 'class org.dbunit.dataset.datatype.DefaultDataTypeFactory' might cause problems with the current database 'MySQL' (e.g. some datatypes may not be supported properly). In rare cases you might see this message because the list of supported database products is incomplete (list=[derby]). If so please request a java-class update via the forums.If you are using your own IDataTypeFactory extending DefaultDataTypeFactory, ensure that you override getValidDbProducts() to specify the supported database products.
2022-10-20 09:44:02.440  WARN 17660 --- [           main] o.dbunit.dataset.AbstractTableMetaData   : Potential problem found: The configured data type factory 'class org.dbunit.dataset.datatype.DefaultDataTypeFactory' might cause problems with the current database 'MySQL' (e.g. some datatypes may not be supported properly). In rare cases you might see this message because the list of supported database products is incomplete (list=[derby]). If so please request a java-class update via the forums.If you are using your own IDataTypeFactory extending DefaultDataTypeFactory, ensure that you override getValidDbProducts() to specify the supported database products.
2022-10-20 09:44:02.450  WARN 17660 --- [           main] o.dbunit.dataset.AbstractTableMetaData   : Potential problem found: The configured data type factory 'class org.dbunit.dataset.datatype.DefaultDataTypeFactory' might cause problems with the current database 'MySQL' (e.g. some datatypes may not be supported properly). In rare cases you might see this message because the list of supported database products is incomplete (list=[derby]). If so please request a java-class update via the forums.If you are using your own IDataTypeFactory extending DefaultDataTypeFactory, ensure that you override getValidDbProducts() to specify the supported database products.
2022-10-20 09:44:02.458  INFO 17660 --- [           main] o.s.t.c.transaction.TransactionContext   : Rolled back transaction for test: [DefaultTestContext@55f3c631 testClass = InventoryServiceTest, testInstance = com.example.inventory.business.service.InventoryServiceTest@10e0cfed, testMethod = testDeleteStock_異常系_削除済みの商品コード@InventoryServiceTest, testException = [null], mergedContextConfiguration = [WebMergedContextConfiguration@3df0ac0 testClass = InventoryServiceTest, locations = '{}', classes = '{class com.example.Application}', contextInitializerClasses = '[]', activeProfiles = '{}', propertySourceLocations = '{}', propertySourceProperties = '{org.springframework.boot.test.context.SpringBootTestContextBootstrapper=true}', contextCustomizers = set[org.springframework.boot.test.context.filter.ExcludeFilterContextCustomizer@19a20bb2, org.springframework.boot.test.json.DuplicateJsonObjectContextCustomizerFactory$DuplicateJsonObjectContextCustomizer@10947c4e, org.springframework.boot.test.mock.mockito.MockitoContextCustomizer@0, org.springframework.boot.test.web.client.TestRestTemplateContextCustomizer@54089484, org.springframework.boot.test.autoconfigure.actuate.metrics.MetricsExportContextCustomizerFactory$DisableMetricExportContextCustomizer@753fd7a1, org.springframework.boot.test.autoconfigure.properties.PropertyMappingContextCustomizer@0, org.springframework.boot.test.autoconfigure.web.servlet.WebDriverContextCustomizerFactory$Customizer@45658133, org.springframework.boot.test.context.SpringBootTestArgs@1, org.springframework.boot.test.context.SpringBootTestWebEnvironment@4af45442], resourceBasePath = 'src/main/webapp', contextLoader = 'org.springframework.boot.test.context.SpringBootContextLoader', parent = [null]], attributes = map['org.springframework.test.context.web.ServletTestExecutionListener.activateListener' -> true, 'com.github.springtestdbunit.DbUnitTestExecutionListener.connection' -> com.github.springtestdbunit.DatabaseConnections@75f02a41, 'com.github.springtestdbunit.DbUnitTestExecutionListener.databseOperationLookup' -> com.github.springtestdbunit.operation.DefaultDatabaseOperationLookup@6986cb80, 'com.github.springtestdbunit.DbUnitTestExecutionListener.dataSetLoader' -> com.github.springtestdbunit.dataset.FlatXmlDataSetLoader@47cdf8ff]]
]]></system-out>
  </testcase>
  <testcase name="testCanCreateStock_異常系_削除済みの商品コード" classname="com.example.inventory.business.service.InventoryServiceTest" time="0.004">
    <system-out><![CDATA[2022-10-20 09:44:02.462  INFO 17660 --- [           main] o.s.t.c.transaction.TransactionContext   : Began transaction (1) for test context [DefaultTestContext@55f3c631 testClass = InventoryServiceTest, testInstance = com.example.inventory.business.service.InventoryServiceTest@478135fa, testMethod = testCanCreateStock_異常系_削除済みの商品コード@InventoryServiceTest, testException = [null], mergedContextConfiguration = [WebMergedContextConfiguration@3df0ac0 testClass = InventoryServiceTest, locations = '{}', classes = '{class com.example.Application}', contextInitializerClasses = '[]', activeProfiles = '{}', propertySourceLocations = '{}', propertySourceProperties = '{org.springframework.boot.test.context.SpringBootTestContextBootstrapper=true}', contextCustomizers = set[org.springframework.boot.test.context.filter.ExcludeFilterContextCustomizer@19a20bb2, org.springframework.boot.test.json.DuplicateJsonObjectContextCustomizerFactory$DuplicateJsonObjectContextCustomizer@10947c4e, org.springframework.boot.test.mock.mockito.MockitoContextCustomizer@0, org.springframework.boot.test.web.client.TestRestTemplateContextCustomizer@54089484, org.springframework.boot.test.autoconfigure.actuate.metrics.MetricsExportContextCustomizerFactory$DisableMetricExportContextCustomizer@753fd7a1, org.springframework.boot.test.autoconfigure.properties.PropertyMappingContextCustomizer@0, org.springframework.boot.test.autoconfigure.web.servlet.WebDriverContextCustomizerFactory$Customizer@45658133, org.springframework.boot.test.context.SpringBootTestArgs@1, org.springframework.boot.test.context.SpringBootTestWebEnvironment@4af45442], resourceBasePath = 'src/main/webapp', contextLoader = 'org.springframework.boot.test.context.SpringBootContextLoader', parent = [null]], attributes = map['org.springframework.test.context.web.ServletTestExecutionListener.activateListener' -> true, 'com.github.springtestdbunit.DbUnitTestExecutionListener.connection' -> com.github.springtestdbunit.DatabaseConnections@585ee8b4, 'com.github.springtestdbunit.DbUnitTestExecutionListener.databseOperationLookup' -> com.github.springtestdbunit.operation.DefaultDatabaseOperationLookup@4d6a4e0f, 'com.github.springtestdbunit.DbUnitTestExecutionListener.dataSetLoader' -> com.github.springtestdbunit.dataset.FlatXmlDataSetLoader@589738e]]; transaction manager [org.springframework.jdbc.support.JdbcTransactionManager@7d00bc8]; rollback [true]
2022-10-20 09:44:02.481  WARN 17660 --- [           main] o.dbunit.dataset.AbstractTableMetaData   : Potential problem found: The configured data type factory 'class org.dbunit.dataset.datatype.DefaultDataTypeFactory' might cause problems with the current database 'MySQL' (e.g. some datatypes may not be supported properly). In rare cases you might see this message because the list of supported database products is incomplete (list=[derby]). If so please request a java-class update via the forums.If you are using your own IDataTypeFactory extending DefaultDataTypeFactory, ensure that you override getValidDbProducts() to specify the supported database products.
2022-10-20 09:44:02.492  WARN 17660 --- [           main] o.dbunit.dataset.AbstractTableMetaData   : Potential problem found: The configured data type factory 'class org.dbunit.dataset.datatype.DefaultDataTypeFactory' might cause problems with the current database 'MySQL' (e.g. some datatypes may not be supported properly). In rare cases you might see this message because the list of supported database products is incomplete (list=[derby]). If so please request a java-class update via the forums.If you are using your own IDataTypeFactory extending DefaultDataTypeFactory, ensure that you override getValidDbProducts() to specify the supported database products.
2022-10-20 09:44:02.502  WARN 17660 --- [           main] o.dbunit.dataset.AbstractTableMetaData   : Potential problem found: The configured data type factory 'class org.dbunit.dataset.datatype.DefaultDataTypeFactory' might cause problems with the current database 'MySQL' (e.g. some datatypes may not be supported properly). In rare cases you might see this message because the list of supported database products is incomplete (list=[derby]). If so please request a java-class update via the forums.If you are using your own IDataTypeFactory extending DefaultDataTypeFactory, ensure that you override getValidDbProducts() to specify the supported database products.
2022-10-20 09:44:02.511  INFO 17660 --- [           main] o.s.t.c.transaction.TransactionContext   : Rolled back transaction for test: [DefaultTestContext@55f3c631 testClass = InventoryServiceTest, testInstance = com.example.inventory.business.service.InventoryServiceTest@478135fa, testMethod = testCanCreateStock_異常系_削除済みの商品コード@InventoryServiceTest, testException = [null], mergedContextConfiguration = [WebMergedContextConfiguration@3df0ac0 testClass = InventoryServiceTest, locations = '{}', classes = '{class com.example.Application}', contextInitializerClasses = '[]', activeProfiles = '{}', propertySourceLocations = '{}', propertySourceProperties = '{org.springframework.boot.test.context.SpringBootTestContextBootstrapper=true}', contextCustomizers = set[org.springframework.boot.test.context.filter.ExcludeFilterContextCustomizer@19a20bb2, org.springframework.boot.test.json.DuplicateJsonObjectContextCustomizerFactory$DuplicateJsonObjectContextCustomizer@10947c4e, org.springframework.boot.test.mock.mockito.MockitoContextCustomizer@0, org.springframework.boot.test.web.client.TestRestTemplateContextCustomizer@54089484, org.springframework.boot.test.autoconfigure.actuate.metrics.MetricsExportContextCustomizerFactory$DisableMetricExportContextCustomizer@753fd7a1, org.springframework.boot.test.autoconfigure.properties.PropertyMappingContextCustomizer@0, org.springframework.boot.test.autoconfigure.web.servlet.WebDriverContextCustomizerFactory$Customizer@45658133, org.springframework.boot.test.context.SpringBootTestArgs@1, org.springframework.boot.test.context.SpringBootTestWebEnvironment@4af45442], resourceBasePath = 'src/main/webapp', contextLoader = 'org.springframework.boot.test.context.SpringBootContextLoader', parent = [null]], attributes = map['org.springframework.test.context.web.ServletTestExecutionListener.activateListener' -> true, 'com.github.springtestdbunit.DbUnitTestExecutionListener.connection' -> com.github.springtestdbunit.DatabaseConnections@585ee8b4, 'com.github.springtestdbunit.DbUnitTestExecutionListener.databseOperationLookup' -> com.github.springtestdbunit.operation.DefaultDatabaseOperationLookup@4d6a4e0f, 'com.github.springtestdbunit.DbUnitTestExecutionListener.dataSetLoader' -> com.github.springtestdbunit.dataset.FlatXmlDataSetLoader@589738e]]
]]></system-out>
  </testcase>
  <testcase name="testCanDeleteStock_異常系_在庫テーブルに存在しない商品コード" classname="com.example.inventory.business.service.InventoryServiceTest" time="0.003">
    <system-out><![CDATA[2022-10-20 09:44:02.515  INFO 17660 --- [           main] o.s.t.c.transaction.TransactionContext   : Began transaction (1) for test context [DefaultTestContext@55f3c631 testClass = InventoryServiceTest, testInstance = com.example.inventory.business.service.InventoryServiceTest@20bbc924, testMethod = testCanDeleteStock_異常系_在庫テーブルに存在しない商品コード@InventoryServiceTest, testException = [null], mergedContextConfiguration = [WebMergedContextConfiguration@3df0ac0 testClass = InventoryServiceTest, locations = '{}', classes = '{class com.example.Application}', contextInitializerClasses = '[]', activeProfiles = '{}', propertySourceLocations = '{}', propertySourceProperties = '{org.springframework.boot.test.context.SpringBootTestContextBootstrapper=true}', contextCustomizers = set[org.springframework.boot.test.context.filter.ExcludeFilterContextCustomizer@19a20bb2, org.springframework.boot.test.json.DuplicateJsonObjectContextCustomizerFactory$DuplicateJsonObjectContextCustomizer@10947c4e, org.springframework.boot.test.mock.mockito.MockitoContextCustomizer@0, org.springframework.boot.test.web.client.TestRestTemplateContextCustomizer@54089484, org.springframework.boot.test.autoconfigure.actuate.metrics.MetricsExportContextCustomizerFactory$DisableMetricExportContextCustomizer@753fd7a1, org.springframework.boot.test.autoconfigure.properties.PropertyMappingContextCustomizer@0, org.springframework.boot.test.autoconfigure.web.servlet.WebDriverContextCustomizerFactory$Customizer@45658133, org.springframework.boot.test.context.SpringBootTestArgs@1, org.springframework.boot.test.context.SpringBootTestWebEnvironment@4af45442], resourceBasePath = 'src/main/webapp', contextLoader = 'org.springframework.boot.test.context.SpringBootContextLoader', parent = [null]], attributes = map['org.springframework.test.context.web.ServletTestExecutionListener.activateListener' -> true, 'com.github.springtestdbunit.DbUnitTestExecutionListener.connection' -> com.github.springtestdbunit.DatabaseConnections@2aeef0ec, 'com.github.springtestdbunit.DbUnitTestExecutionListener.databseOperationLookup' -> com.github.springtestdbunit.operation.DefaultDatabaseOperationLookup@50ac0eac, 'com.github.springtestdbunit.DbUnitTestExecutionListener.dataSetLoader' -> com.github.springtestdbunit.dataset.FlatXmlDataSetLoader@4a68daa]]; transaction manager [org.springframework.jdbc.support.JdbcTransactionManager@7d00bc8]; rollback [true]
2022-10-20 09:44:02.534  WARN 17660 --- [           main] o.dbunit.dataset.AbstractTableMetaData   : Potential problem found: The configured data type factory 'class org.dbunit.dataset.datatype.DefaultDataTypeFactory' might cause problems with the current database 'MySQL' (e.g. some datatypes may not be supported properly). In rare cases you might see this message because the list of supported database products is incomplete (list=[derby]). If so please request a java-class update via the forums.If you are using your own IDataTypeFactory extending DefaultDataTypeFactory, ensure that you override getValidDbProducts() to specify the supported database products.
2022-10-20 09:44:02.548  WARN 17660 --- [           main] o.dbunit.dataset.AbstractTableMetaData   : Potential problem found: The configured data type factory 'class org.dbunit.dataset.datatype.DefaultDataTypeFactory' might cause problems with the current database 'MySQL' (e.g. some datatypes may not be supported properly). In rare cases you might see this message because the list of supported database products is incomplete (list=[derby]). If so please request a java-class update via the forums.If you are using your own IDataTypeFactory extending DefaultDataTypeFactory, ensure that you override getValidDbProducts() to specify the supported database products.
2022-10-20 09:44:02.559  WARN 17660 --- [           main] o.dbunit.dataset.AbstractTableMetaData   : Potential problem found: The configured data type factory 'class org.dbunit.dataset.datatype.DefaultDataTypeFactory' might cause problems with the current database 'MySQL' (e.g. some datatypes may not be supported properly). In rare cases you might see this message because the list of supported database products is incomplete (list=[derby]). If so please request a java-class update via the forums.If you are using your own IDataTypeFactory extending DefaultDataTypeFactory, ensure that you override getValidDbProducts() to specify the supported database products.
2022-10-20 09:44:02.567  INFO 17660 --- [           main] o.s.t.c.transaction.TransactionContext   : Rolled back transaction for test: [DefaultTestContext@55f3c631 testClass = InventoryServiceTest, testInstance = com.example.inventory.business.service.InventoryServiceTest@20bbc924, testMethod = testCanDeleteStock_異常系_在庫テーブルに存在しない商品コード@InventoryServiceTest, testException = [null], mergedContextConfiguration = [WebMergedContextConfiguration@3df0ac0 testClass = InventoryServiceTest, locations = '{}', classes = '{class com.example.Application}', contextInitializerClasses = '[]', activeProfiles = '{}', propertySourceLocations = '{}', propertySourceProperties = '{org.springframework.boot.test.context.SpringBootTestContextBootstrapper=true}', contextCustomizers = set[org.springframework.boot.test.context.filter.ExcludeFilterContextCustomizer@19a20bb2, org.springframework.boot.test.json.DuplicateJsonObjectContextCustomizerFactory$DuplicateJsonObjectContextCustomizer@10947c4e, org.springframework.boot.test.mock.mockito.MockitoContextCustomizer@0, org.springframework.boot.test.web.client.TestRestTemplateContextCustomizer@54089484, org.springframework.boot.test.autoconfigure.actuate.metrics.MetricsExportContextCustomizerFactory$DisableMetricExportContextCustomizer@753fd7a1, org.springframework.boot.test.autoconfigure.properties.PropertyMappingContextCustomizer@0, org.springframework.boot.test.autoconfigure.web.servlet.WebDriverContextCustomizerFactory$Customizer@45658133, org.springframework.boot.test.context.SpringBootTestArgs@1, org.springframework.boot.test.context.SpringBootTestWebEnvironment@4af45442], resourceBasePath = 'src/main/webapp', contextLoader = 'org.springframework.boot.test.context.SpringBootContextLoader', parent = [null]], attributes = map['org.springframework.test.context.web.ServletTestExecutionListener.activateListener' -> true, 'com.github.springtestdbunit.DbUnitTestExecutionListener.connection' -> com.github.springtestdbunit.DatabaseConnections@2aeef0ec, 'com.github.springtestdbunit.DbUnitTestExecutionListener.databseOperationLookup' -> com.github.springtestdbunit.operation.DefaultDatabaseOperationLookup@50ac0eac, 'com.github.springtestdbunit.DbUnitTestExecutionListener.dataSetLoader' -> com.github.springtestdbunit.dataset.FlatXmlDataSetLoader@4a68daa]]
]]></system-out>
  </testcase>
  <testcase name="testReceiveStock_異常系_在庫数が100より多い入荷数" classname="com.example.inventory.business.service.InventoryServiceTest" time="0.004">
    <system-out><![CDATA[2022-10-20 09:44:02.571  INFO 17660 --- [           main] o.s.t.c.transaction.TransactionContext   : Began transaction (1) for test context [DefaultTestContext@55f3c631 testClass = InventoryServiceTest, testInstance = com.example.inventory.business.service.InventoryServiceTest@3c6f4f5c, testMethod = testReceiveStock_異常系_在庫数が100より多い入荷数@InventoryServiceTest, testException = [null], mergedContextConfiguration = [WebMergedContextConfiguration@3df0ac0 testClass = InventoryServiceTest, locations = '{}', classes = '{class com.example.Application}', contextInitializerClasses = '[]', activeProfiles = '{}', propertySourceLocations = '{}', propertySourceProperties = '{org.springframework.boot.test.context.SpringBootTestContextBootstrapper=true}', contextCustomizers = set[org.springframework.boot.test.context.filter.ExcludeFilterContextCustomizer@19a20bb2, org.springframework.boot.test.json.DuplicateJsonObjectContextCustomizerFactory$DuplicateJsonObjectContextCustomizer@10947c4e, org.springframework.boot.test.mock.mockito.MockitoContextCustomizer@0, org.springframework.boot.test.web.client.TestRestTemplateContextCustomizer@54089484, org.springframework.boot.test.autoconfigure.actuate.metrics.MetricsExportContextCustomizerFactory$DisableMetricExportContextCustomizer@753fd7a1, org.springframework.boot.test.autoconfigure.properties.PropertyMappingContextCustomizer@0, org.springframework.boot.test.autoconfigure.web.servlet.WebDriverContextCustomizerFactory$Customizer@45658133, org.springframework.boot.test.context.SpringBootTestArgs@1, org.springframework.boot.test.context.SpringBootTestWebEnvironment@4af45442], resourceBasePath = 'src/main/webapp', contextLoader = 'org.springframework.boot.test.context.SpringBootContextLoader', parent = [null]], attributes = map['org.springframework.test.context.web.ServletTestExecutionListener.activateListener' -> true, 'com.github.springtestdbunit.DbUnitTestExecutionListener.connection' -> com.github.springtestdbunit.DatabaseConnections@5f041d98, 'com.github.springtestdbunit.DbUnitTestExecutionListener.databseOperationLookup' -> com.github.springtestdbunit.operation.DefaultDatabaseOperationLookup@720da58e, 'com.github.springtestdbunit.DbUnitTestExecutionListener.dataSetLoader' -> com.github.springtestdbunit.dataset.FlatXmlDataSetLoader@33e63c14]]; transaction manager [org.springframework.jdbc.support.JdbcTransactionManager@7d00bc8]; rollback [true]
2022-10-20 09:44:02.594  WARN 17660 --- [           main] o.dbunit.dataset.AbstractTableMetaData   : Potential problem found: The configured data type factory 'class org.dbunit.dataset.datatype.DefaultDataTypeFactory' might cause problems with the current database 'MySQL' (e.g. some datatypes may not be supported properly). In rare cases you might see this message because the list of supported database products is incomplete (list=[derby]). If so please request a java-class update via the forums.If you are using your own IDataTypeFactory extending DefaultDataTypeFactory, ensure that you override getValidDbProducts() to specify the supported database products.
2022-10-20 09:44:02.611  WARN 17660 --- [           main] o.dbunit.dataset.AbstractTableMetaData   : Potential problem found: The configured data type factory 'class org.dbunit.dataset.datatype.DefaultDataTypeFactory' might cause problems with the current database 'MySQL' (e.g. some datatypes may not be supported properly). In rare cases you might see this message because the list of supported database products is incomplete (list=[derby]). If so please request a java-class update via the forums.If you are using your own IDataTypeFactory extending DefaultDataTypeFactory, ensure that you override getValidDbProducts() to specify the supported database products.
2022-10-20 09:44:02.622  WARN 17660 --- [           main] o.dbunit.dataset.AbstractTableMetaData   : Potential problem found: The configured data type factory 'class org.dbunit.dataset.datatype.DefaultDataTypeFactory' might cause problems with the current database 'MySQL' (e.g. some datatypes may not be supported properly). In rare cases you might see this message because the list of supported database products is incomplete (list=[derby]). If so please request a java-class update via the forums.If you are using your own IDataTypeFactory extending DefaultDataTypeFactory, ensure that you override getValidDbProducts() to specify the supported database products.
2022-10-20 09:44:02.633  INFO 17660 --- [           main] o.s.t.c.transaction.TransactionContext   : Rolled back transaction for test: [DefaultTestContext@55f3c631 testClass = InventoryServiceTest, testInstance = com.example.inventory.business.service.InventoryServiceTest@3c6f4f5c, testMethod = testReceiveStock_異常系_在庫数が100より多い入荷数@InventoryServiceTest, testException = [null], mergedContextConfiguration = [WebMergedContextConfiguration@3df0ac0 testClass = InventoryServiceTest, locations = '{}', classes = '{class com.example.Application}', contextInitializerClasses = '[]', activeProfiles = '{}', propertySourceLocations = '{}', propertySourceProperties = '{org.springframework.boot.test.context.SpringBootTestContextBootstrapper=true}', contextCustomizers = set[org.springframework.boot.test.context.filter.ExcludeFilterContextCustomizer@19a20bb2, org.springframework.boot.test.json.DuplicateJsonObjectContextCustomizerFactory$DuplicateJsonObjectContextCustomizer@10947c4e, org.springframework.boot.test.mock.mockito.MockitoContextCustomizer@0, org.springframework.boot.test.web.client.TestRestTemplateContextCustomizer@54089484, org.springframework.boot.test.autoconfigure.actuate.metrics.MetricsExportContextCustomizerFactory$DisableMetricExportContextCustomizer@753fd7a1, org.springframework.boot.test.autoconfigure.properties.PropertyMappingContextCustomizer@0, org.springframework.boot.test.autoconfigure.web.servlet.WebDriverContextCustomizerFactory$Customizer@45658133, org.springframework.boot.test.context.SpringBootTestArgs@1, org.springframework.boot.test.context.SpringBootTestWebEnvironment@4af45442], resourceBasePath = 'src/main/webapp', contextLoader = 'org.springframework.boot.test.context.SpringBootContextLoader', parent = [null]], attributes = map['org.springframework.test.context.web.ServletTestExecutionListener.activateListener' -> true, 'com.github.springtestdbunit.DbUnitTestExecutionListener.connection' -> com.github.springtestdbunit.DatabaseConnections@5f041d98, 'com.github.springtestdbunit.DbUnitTestExecutionListener.databseOperationLookup' -> com.github.springtestdbunit.operation.DefaultDatabaseOperationLookup@720da58e, 'com.github.springtestdbunit.DbUnitTestExecutionListener.dataSetLoader' -> com.github.springtestdbunit.dataset.FlatXmlDataSetLoader@33e63c14]]
]]></system-out>
  </testcase>
  <testcase name="testCanDeleteStock_異常系_在庫数が0でない商品コード" classname="com.example.inventory.business.service.InventoryServiceTest" time="0.004">
    <system-out><![CDATA[2022-10-20 09:44:02.637  INFO 17660 --- [           main] o.s.t.c.transaction.TransactionContext   : Began transaction (1) for test context [DefaultTestContext@55f3c631 testClass = InventoryServiceTest, testInstance = com.example.inventory.business.service.InventoryServiceTest@58e82593, testMethod = testCanDeleteStock_異常系_在庫数が0でない商品コード@InventoryServiceTest, testException = [null], mergedContextConfiguration = [WebMergedContextConfiguration@3df0ac0 testClass = InventoryServiceTest, locations = '{}', classes = '{class com.example.Application}', contextInitializerClasses = '[]', activeProfiles = '{}', propertySourceLocations = '{}', propertySourceProperties = '{org.springframework.boot.test.context.SpringBootTestContextBootstrapper=true}', contextCustomizers = set[org.springframework.boot.test.context.filter.ExcludeFilterContextCustomizer@19a20bb2, org.springframework.boot.test.json.DuplicateJsonObjectContextCustomizerFactory$DuplicateJsonObjectContextCustomizer@10947c4e, org.springframework.boot.test.mock.mockito.MockitoContextCustomizer@0, org.springframework.boot.test.web.client.TestRestTemplateContextCustomizer@54089484, org.springframework.boot.test.autoconfigure.actuate.metrics.MetricsExportContextCustomizerFactory$DisableMetricExportContextCustomizer@753fd7a1, org.springframework.boot.test.autoconfigure.properties.PropertyMappingContextCustomizer@0, org.springframework.boot.test.autoconfigure.web.servlet.WebDriverContextCustomizerFactory$Customizer@45658133, org.springframework.boot.test.context.SpringBootTestArgs@1, org.springframework.boot.test.context.SpringBootTestWebEnvironment@4af45442], resourceBasePath = 'src/main/webapp', contextLoader = 'org.springframework.boot.test.context.SpringBootContextLoader', parent = [null]], attributes = map['org.springframework.test.context.web.ServletTestExecutionListener.activateListener' -> true, 'com.github.springtestdbunit.DbUnitTestExecutionListener.connection' -> com.github.springtestdbunit.DatabaseConnections@61989734, 'com.github.springtestdbunit.DbUnitTestExecutionListener.databseOperationLookup' -> com.github.springtestdbunit.operation.DefaultDatabaseOperationLookup@176455ba, 'com.github.springtestdbunit.DbUnitTestExecutionListener.dataSetLoader' -> com.github.springtestdbunit.dataset.FlatXmlDataSetLoader@2181b8ad]]; transaction manager [org.springframework.jdbc.support.JdbcTransactionManager@7d00bc8]; rollback [true]
2022-10-20 09:44:02.659  WARN 17660 --- [           main] o.dbunit.dataset.AbstractTableMetaData   : Potential problem found: The configured data type factory 'class org.dbunit.dataset.datatype.DefaultDataTypeFactory' might cause problems with the current database 'MySQL' (e.g. some datatypes may not be supported properly). In rare cases you might see this message because the list of supported database products is incomplete (list=[derby]). If so please request a java-class update via the forums.If you are using your own IDataTypeFactory extending DefaultDataTypeFactory, ensure that you override getValidDbProducts() to specify the supported database products.
2022-10-20 09:44:02.673  WARN 17660 --- [           main] o.dbunit.dataset.AbstractTableMetaData   : Potential problem found: The configured data type factory 'class org.dbunit.dataset.datatype.DefaultDataTypeFactory' might cause problems with the current database 'MySQL' (e.g. some datatypes may not be supported properly). In rare cases you might see this message because the list of supported database products is incomplete (list=[derby]). If so please request a java-class update via the forums.If you are using your own IDataTypeFactory extending DefaultDataTypeFactory, ensure that you override getValidDbProducts() to specify the supported database products.
2022-10-20 09:44:02.688  WARN 17660 --- [           main] o.dbunit.dataset.AbstractTableMetaData   : Potential problem found: The configured data type factory 'class org.dbunit.dataset.datatype.DefaultDataTypeFactory' might cause problems with the current database 'MySQL' (e.g. some datatypes may not be supported properly). In rare cases you might see this message because the list of supported database products is incomplete (list=[derby]). If so please request a java-class update via the forums.If you are using your own IDataTypeFactory extending DefaultDataTypeFactory, ensure that you override getValidDbProducts() to specify the supported database products.
2022-10-20 09:44:02.709  INFO 17660 --- [           main] o.s.t.c.transaction.TransactionContext   : Rolled back transaction for test: [DefaultTestContext@55f3c631 testClass = InventoryServiceTest, testInstance = com.example.inventory.business.service.InventoryServiceTest@58e82593, testMethod = testCanDeleteStock_異常系_在庫数が0でない商品コード@InventoryServiceTest, testException = [null], mergedContextConfiguration = [WebMergedContextConfiguration@3df0ac0 testClass = InventoryServiceTest, locations = '{}', classes = '{class com.example.Application}', contextInitializerClasses = '[]', activeProfiles = '{}', propertySourceLocations = '{}', propertySourceProperties = '{org.springframework.boot.test.context.SpringBootTestContextBootstrapper=true}', contextCustomizers = set[org.springframework.boot.test.context.filter.ExcludeFilterContextCustomizer@19a20bb2, org.springframework.boot.test.json.DuplicateJsonObjectContextCustomizerFactory$DuplicateJsonObjectContextCustomizer@10947c4e, org.springframework.boot.test.mock.mockito.MockitoContextCustomizer@0, org.springframework.boot.test.web.client.TestRestTemplateContextCustomizer@54089484, org.springframework.boot.test.autoconfigure.actuate.metrics.MetricsExportContextCustomizerFactory$DisableMetricExportContextCustomizer@753fd7a1, org.springframework.boot.test.autoconfigure.properties.PropertyMappingContextCustomizer@0, org.springframework.boot.test.autoconfigure.web.servlet.WebDriverContextCustomizerFactory$Customizer@45658133, org.springframework.boot.test.context.SpringBootTestArgs@1, org.springframework.boot.test.context.SpringBootTestWebEnvironment@4af45442], resourceBasePath = 'src/main/webapp', contextLoader = 'org.springframework.boot.test.context.SpringBootContextLoader', parent = [null]], attributes = map['org.springframework.test.context.web.ServletTestExecutionListener.activateListener' -> true, 'com.github.springtestdbunit.DbUnitTestExecutionListener.connection' -> com.github.springtestdbunit.DatabaseConnections@61989734, 'com.github.springtestdbunit.DbUnitTestExecutionListener.databseOperationLookup' -> com.github.springtestdbunit.operation.DefaultDatabaseOperationLookup@176455ba, 'com.github.springtestdbunit.DbUnitTestExecutionListener.dataSetLoader' -> com.github.springtestdbunit.dataset.FlatXmlDataSetLoader@2181b8ad]]
]]></system-out>
  </testcase>
  <testcase name="testReceiveStock_異常系_在庫テーブルに存在しない商品コード" classname="com.example.inventory.business.service.InventoryServiceTest" time="0.004">
    <system-out><![CDATA[2022-10-20 09:44:02.712  INFO 17660 --- [           main] o.s.t.c.transaction.TransactionContext   : Began transaction (1) for test context [DefaultTestContext@55f3c631 testClass = InventoryServiceTest, testInstance = com.example.inventory.business.service.InventoryServiceTest@3db2755, testMethod = testReceiveStock_異常系_在庫テーブルに存在しない商品コード@InventoryServiceTest, testException = [null], mergedContextConfiguration = [WebMergedContextConfiguration@3df0ac0 testClass = InventoryServiceTest, locations = '{}', classes = '{class com.example.Application}', contextInitializerClasses = '[]', activeProfiles = '{}', propertySourceLocations = '{}', propertySourceProperties = '{org.springframework.boot.test.context.SpringBootTestContextBootstrapper=true}', contextCustomizers = set[org.springframework.boot.test.context.filter.ExcludeFilterContextCustomizer@19a20bb2, org.springframework.boot.test.json.DuplicateJsonObjectContextCustomizerFactory$DuplicateJsonObjectContextCustomizer@10947c4e, org.springframework.boot.test.mock.mockito.MockitoContextCustomizer@0, org.springframework.boot.test.web.client.TestRestTemplateContextCustomizer@54089484, org.springframework.boot.test.autoconfigure.actuate.metrics.MetricsExportContextCustomizerFactory$DisableMetricExportContextCustomizer@753fd7a1, org.springframework.boot.test.autoconfigure.properties.PropertyMappingContextCustomizer@0, org.springframework.boot.test.autoconfigure.web.servlet.WebDriverContextCustomizerFactory$Customizer@45658133, org.springframework.boot.test.context.SpringBootTestArgs@1, org.springframework.boot.test.context.SpringBootTestWebEnvironment@4af45442], resourceBasePath = 'src/main/webapp', contextLoader = 'org.springframework.boot.test.context.SpringBootContextLoader', parent = [null]], attributes = map['org.springframework.test.context.web.ServletTestExecutionListener.activateListener' -> true, 'com.github.springtestdbunit.DbUnitTestExecutionListener.connection' -> com.github.springtestdbunit.DatabaseConnections@7ee548be, 'com.github.springtestdbunit.DbUnitTestExecutionListener.databseOperationLookup' -> com.github.springtestdbunit.operation.DefaultDatabaseOperationLookup@310f2247, 'com.github.springtestdbunit.DbUnitTestExecutionListener.dataSetLoader' -> com.github.springtestdbunit.dataset.FlatXmlDataSetLoader@1423253e]]; transaction manager [org.springframework.jdbc.support.JdbcTransactionManager@7d00bc8]; rollback [true]
2022-10-20 09:44:02.810  WARN 17660 --- [           main] o.dbunit.dataset.AbstractTableMetaData   : Potential problem found: The configured data type factory 'class org.dbunit.dataset.datatype.DefaultDataTypeFactory' might cause problems with the current database 'MySQL' (e.g. some datatypes may not be supported properly). In rare cases you might see this message because the list of supported database products is incomplete (list=[derby]). If so please request a java-class update via the forums.If you are using your own IDataTypeFactory extending DefaultDataTypeFactory, ensure that you override getValidDbProducts() to specify the supported database products.
2022-10-20 09:44:02.824  WARN 17660 --- [           main] o.dbunit.dataset.AbstractTableMetaData   : Potential problem found: The configured data type factory 'class org.dbunit.dataset.datatype.DefaultDataTypeFactory' might cause problems with the current database 'MySQL' (e.g. some datatypes may not be supported properly). In rare cases you might see this message because the list of supported database products is incomplete (list=[derby]). If so please request a java-class update via the forums.If you are using your own IDataTypeFactory extending DefaultDataTypeFactory, ensure that you override getValidDbProducts() to specify the supported database products.
2022-10-20 09:44:02.839  WARN 17660 --- [           main] o.dbunit.dataset.AbstractTableMetaData   : Potential problem found: The configured data type factory 'class org.dbunit.dataset.datatype.DefaultDataTypeFactory' might cause problems with the current database 'MySQL' (e.g. some datatypes may not be supported properly). In rare cases you might see this message because the list of supported database products is incomplete (list=[derby]). If so please request a java-class update via the forums.If you are using your own IDataTypeFactory extending DefaultDataTypeFactory, ensure that you override getValidDbProducts() to specify the supported database products.
2022-10-20 09:44:02.848  INFO 17660 --- [           main] o.s.t.c.transaction.TransactionContext   : Rolled back transaction for test: [DefaultTestContext@55f3c631 testClass = InventoryServiceTest, testInstance = com.example.inventory.business.service.InventoryServiceTest@3db2755, testMethod = testReceiveStock_異常系_在庫テーブルに存在しない商品コード@InventoryServiceTest, testException = [null], mergedContextConfiguration = [WebMergedContextConfiguration@3df0ac0 testClass = InventoryServiceTest, locations = '{}', classes = '{class com.example.Application}', contextInitializerClasses = '[]', activeProfiles = '{}', propertySourceLocations = '{}', propertySourceProperties = '{org.springframework.boot.test.context.SpringBootTestContextBootstrapper=true}', contextCustomizers = set[org.springframework.boot.test.context.filter.ExcludeFilterContextCustomizer@19a20bb2, org.springframework.boot.test.json.DuplicateJsonObjectContextCustomizerFactory$DuplicateJsonObjectContextCustomizer@10947c4e, org.springframework.boot.test.mock.mockito.MockitoContextCustomizer@0, org.springframework.boot.test.web.client.TestRestTemplateContextCustomizer@54089484, org.springframework.boot.test.autoconfigure.actuate.metrics.MetricsExportContextCustomizerFactory$DisableMetricExportContextCustomizer@753fd7a1, org.springframework.boot.test.autoconfigure.properties.PropertyMappingContextCustomizer@0, org.springframework.boot.test.autoconfigure.web.servlet.WebDriverContextCustomizerFactory$Customizer@45658133, org.springframework.boot.test.context.SpringBootTestArgs@1, org.springframework.boot.test.context.SpringBootTestWebEnvironment@4af45442], resourceBasePath = 'src/main/webapp', contextLoader = 'org.springframework.boot.test.context.SpringBootContextLoader', parent = [null]], attributes = map['org.springframework.test.context.web.ServletTestExecutionListener.activateListener' -> true, 'com.github.springtestdbunit.DbUnitTestExecutionListener.connection' -> com.github.springtestdbunit.DatabaseConnections@7ee548be, 'com.github.springtestdbunit.DbUnitTestExecutionListener.databseOperationLookup' -> com.github.springtestdbunit.operation.DefaultDatabaseOperationLookup@310f2247, 'com.github.springtestdbunit.DbUnitTestExecutionListener.dataSetLoader' -> com.github.springtestdbunit.dataset.FlatXmlDataSetLoader@1423253e]]
]]></system-out>
  </testcase>
  <testcase name="testFindStock_正常系" classname="com.example.inventory.business.service.InventoryServiceTest" time="0.003">
    <system-out><![CDATA[2022-10-20 09:44:02.851  INFO 17660 --- [           main] o.s.t.c.transaction.TransactionContext   : Began transaction (1) for test context [DefaultTestContext@55f3c631 testClass = InventoryServiceTest, testInstance = com.example.inventory.business.service.InventoryServiceTest@484e7698, testMethod = testFindStock_正常系@InventoryServiceTest, testException = [null], mergedContextConfiguration = [WebMergedContextConfiguration@3df0ac0 testClass = InventoryServiceTest, locations = '{}', classes = '{class com.example.Application}', contextInitializerClasses = '[]', activeProfiles = '{}', propertySourceLocations = '{}', propertySourceProperties = '{org.springframework.boot.test.context.SpringBootTestContextBootstrapper=true}', contextCustomizers = set[org.springframework.boot.test.context.filter.ExcludeFilterContextCustomizer@19a20bb2, org.springframework.boot.test.json.DuplicateJsonObjectContextCustomizerFactory$DuplicateJsonObjectContextCustomizer@10947c4e, org.springframework.boot.test.mock.mockito.MockitoContextCustomizer@0, org.springframework.boot.test.web.client.TestRestTemplateContextCustomizer@54089484, org.springframework.boot.test.autoconfigure.actuate.metrics.MetricsExportContextCustomizerFactory$DisableMetricExportContextCustomizer@753fd7a1, org.springframework.boot.test.autoconfigure.properties.PropertyMappingContextCustomizer@0, org.springframework.boot.test.autoconfigure.web.servlet.WebDriverContextCustomizerFactory$Customizer@45658133, org.springframework.boot.test.context.SpringBootTestArgs@1, org.springframework.boot.test.context.SpringBootTestWebEnvironment@4af45442], resourceBasePath = 'src/main/webapp', contextLoader = 'org.springframework.boot.test.context.SpringBootContextLoader', parent = [null]], attributes = map['org.springframework.test.context.web.ServletTestExecutionListener.activateListener' -> true, 'com.github.springtestdbunit.DbUnitTestExecutionListener.connection' -> com.github.springtestdbunit.DatabaseConnections@37f6292f, 'com.github.springtestdbunit.DbUnitTestExecutionListener.databseOperationLookup' -> com.github.springtestdbunit.operation.DefaultDatabaseOperationLookup@3e93117b, 'com.github.springtestdbunit.DbUnitTestExecutionListener.dataSetLoader' -> com.github.springtestdbunit.dataset.FlatXmlDataSetLoader@630cae95]]; transaction manager [org.springframework.jdbc.support.JdbcTransactionManager@7d00bc8]; rollback [true]
2022-10-20 09:44:02.887  WARN 17660 --- [           main] o.dbunit.dataset.AbstractTableMetaData   : Potential problem found: The configured data type factory 'class org.dbunit.dataset.datatype.DefaultDataTypeFactory' might cause problems with the current database 'MySQL' (e.g. some datatypes may not be supported properly). In rare cases you might see this message because the list of supported database products is incomplete (list=[derby]). If so please request a java-class update via the forums.If you are using your own IDataTypeFactory extending DefaultDataTypeFactory, ensure that you override getValidDbProducts() to specify the supported database products.
2022-10-20 09:44:02.906  WARN 17660 --- [           main] o.dbunit.dataset.AbstractTableMetaData   : Potential problem found: The configured data type factory 'class org.dbunit.dataset.datatype.DefaultDataTypeFactory' might cause problems with the current database 'MySQL' (e.g. some datatypes may not be supported properly). In rare cases you might see this message because the list of supported database products is incomplete (list=[derby]). If so please request a java-class update via the forums.If you are using your own IDataTypeFactory extending DefaultDataTypeFactory, ensure that you override getValidDbProducts() to specify the supported database products.
2022-10-20 09:44:02.924  WARN 17660 --- [           main] o.dbunit.dataset.AbstractTableMetaData   : Potential problem found: The configured data type factory 'class org.dbunit.dataset.datatype.DefaultDataTypeFactory' might cause problems with the current database 'MySQL' (e.g. some datatypes may not be supported properly). In rare cases you might see this message because the list of supported database products is incomplete (list=[derby]). If so please request a java-class update via the forums.If you are using your own IDataTypeFactory extending DefaultDataTypeFactory, ensure that you override getValidDbProducts() to specify the supported database products.
2022-10-20 09:44:02.935  INFO 17660 --- [           main] o.s.t.c.transaction.TransactionContext   : Rolled back transaction for test: [DefaultTestContext@55f3c631 testClass = InventoryServiceTest, testInstance = com.example.inventory.business.service.InventoryServiceTest@484e7698, testMethod = testFindStock_正常系@InventoryServiceTest, testException = [null], mergedContextConfiguration = [WebMergedContextConfiguration@3df0ac0 testClass = InventoryServiceTest, locations = '{}', classes = '{class com.example.Application}', contextInitializerClasses = '[]', activeProfiles = '{}', propertySourceLocations = '{}', propertySourceProperties = '{org.springframework.boot.test.context.SpringBootTestContextBootstrapper=true}', contextCustomizers = set[org.springframework.boot.test.context.filter.ExcludeFilterContextCustomizer@19a20bb2, org.springframework.boot.test.json.DuplicateJsonObjectContextCustomizerFactory$DuplicateJsonObjectContextCustomizer@10947c4e, org.springframework.boot.test.mock.mockito.MockitoContextCustomizer@0, org.springframework.boot.test.web.client.TestRestTemplateContextCustomizer@54089484, org.springframework.boot.test.autoconfigure.actuate.metrics.MetricsExportContextCustomizerFactory$DisableMetricExportContextCustomizer@753fd7a1, org.springframework.boot.test.autoconfigure.properties.PropertyMappingContextCustomizer@0, org.springframework.boot.test.autoconfigure.web.servlet.WebDriverContextCustomizerFactory$Customizer@45658133, org.springframework.boot.test.context.SpringBootTestArgs@1, org.springframework.boot.test.context.SpringBootTestWebEnvironment@4af45442], resourceBasePath = 'src/main/webapp', contextLoader = 'org.springframework.boot.test.context.SpringBootContextLoader', parent = [null]], attributes = map['org.springframework.test.context.web.ServletTestExecutionListener.activateListener' -> true, 'com.github.springtestdbunit.DbUnitTestExecutionListener.connection' -> com.github.springtestdbunit.DatabaseConnections@37f6292f, 'com.github.springtestdbunit.DbUnitTestExecutionListener.databseOperationLookup' -> com.github.springtestdbunit.operation.DefaultDatabaseOperationLookup@3e93117b, 'com.github.springtestdbunit.DbUnitTestExecutionListener.dataSetLoader' -> com.github.springtestdbunit.dataset.FlatXmlDataSetLoader@630cae95]]
]]></system-out>
  </testcase>
  <testcase name="testCanCreateStock_正常系" classname="com.example.inventory.business.service.InventoryServiceTest" time="0.003">
    <system-out><![CDATA[2022-10-20 09:44:02.939  INFO 17660 --- [           main] o.s.t.c.transaction.TransactionContext   : Began transaction (1) for test context [DefaultTestContext@55f3c631 testClass = InventoryServiceTest, testInstance = com.example.inventory.business.service.InventoryServiceTest@f4c9be6, testMethod = testCanCreateStock_正常系@InventoryServiceTest, testException = [null], mergedContextConfiguration = [WebMergedContextConfiguration@3df0ac0 testClass = InventoryServiceTest, locations = '{}', classes = '{class com.example.Application}', contextInitializerClasses = '[]', activeProfiles = '{}', propertySourceLocations = '{}', propertySourceProperties = '{org.springframework.boot.test.context.SpringBootTestContextBootstrapper=true}', contextCustomizers = set[org.springframework.boot.test.context.filter.ExcludeFilterContextCustomizer@19a20bb2, org.springframework.boot.test.json.DuplicateJsonObjectContextCustomizerFactory$DuplicateJsonObjectContextCustomizer@10947c4e, org.springframework.boot.test.mock.mockito.MockitoContextCustomizer@0, org.springframework.boot.test.web.client.TestRestTemplateContextCustomizer@54089484, org.springframework.boot.test.autoconfigure.actuate.metrics.MetricsExportContextCustomizerFactory$DisableMetricExportContextCustomizer@753fd7a1, org.springframework.boot.test.autoconfigure.properties.PropertyMappingContextCustomizer@0, org.springframework.boot.test.autoconfigure.web.servlet.WebDriverContextCustomizerFactory$Customizer@45658133, org.springframework.boot.test.context.SpringBootTestArgs@1, org.springframework.boot.test.context.SpringBootTestWebEnvironment@4af45442], resourceBasePath = 'src/main/webapp', contextLoader = 'org.springframework.boot.test.context.SpringBootContextLoader', parent = [null]], attributes = map['org.springframework.test.context.web.ServletTestExecutionListener.activateListener' -> true, 'com.github.springtestdbunit.DbUnitTestExecutionListener.connection' -> com.github.springtestdbunit.DatabaseConnections@d864eae, 'com.github.springtestdbunit.DbUnitTestExecutionListener.databseOperationLookup' -> com.github.springtestdbunit.operation.DefaultDatabaseOperationLookup@68edb7d, 'com.github.springtestdbunit.DbUnitTestExecutionListener.dataSetLoader' -> com.github.springtestdbunit.dataset.FlatXmlDataSetLoader@1236d6f8]]; transaction manager [org.springframework.jdbc.support.JdbcTransactionManager@7d00bc8]; rollback [true]
2022-10-20 09:44:02.955  WARN 17660 --- [           main] o.dbunit.dataset.AbstractTableMetaData   : Potential problem found: The configured data type factory 'class org.dbunit.dataset.datatype.DefaultDataTypeFactory' might cause problems with the current database 'MySQL' (e.g. some datatypes may not be supported properly). In rare cases you might see this message because the list of supported database products is incomplete (list=[derby]). If so please request a java-class update via the forums.If you are using your own IDataTypeFactory extending DefaultDataTypeFactory, ensure that you override getValidDbProducts() to specify the supported database products.
2022-10-20 09:44:02.964  WARN 17660 --- [           main] o.dbunit.dataset.AbstractTableMetaData   : Potential problem found: The configured data type factory 'class org.dbunit.dataset.datatype.DefaultDataTypeFactory' might cause problems with the current database 'MySQL' (e.g. some datatypes may not be supported properly). In rare cases you might see this message because the list of supported database products is incomplete (list=[derby]). If so please request a java-class update via the forums.If you are using your own IDataTypeFactory extending DefaultDataTypeFactory, ensure that you override getValidDbProducts() to specify the supported database products.
2022-10-20 09:44:02.974  WARN 17660 --- [           main] o.dbunit.dataset.AbstractTableMetaData   : Potential problem found: The configured data type factory 'class org.dbunit.dataset.datatype.DefaultDataTypeFactory' might cause problems with the current database 'MySQL' (e.g. some datatypes may not be supported properly). In rare cases you might see this message because the list of supported database products is incomplete (list=[derby]). If so please request a java-class update via the forums.If you are using your own IDataTypeFactory extending DefaultDataTypeFactory, ensure that you override getValidDbProducts() to specify the supported database products.
2022-10-20 09:44:02.984  INFO 17660 --- [           main] o.s.t.c.transaction.TransactionContext   : Rolled back transaction for test: [DefaultTestContext@55f3c631 testClass = InventoryServiceTest, testInstance = com.example.inventory.business.service.InventoryServiceTest@f4c9be6, testMethod = testCanCreateStock_正常系@InventoryServiceTest, testException = [null], mergedContextConfiguration = [WebMergedContextConfiguration@3df0ac0 testClass = InventoryServiceTest, locations = '{}', classes = '{class com.example.Application}', contextInitializerClasses = '[]', activeProfiles = '{}', propertySourceLocations = '{}', propertySourceProperties = '{org.springframework.boot.test.context.SpringBootTestContextBootstrapper=true}', contextCustomizers = set[org.springframework.boot.test.context.filter.ExcludeFilterContextCustomizer@19a20bb2, org.springframework.boot.test.json.DuplicateJsonObjectContextCustomizerFactory$DuplicateJsonObjectContextCustomizer@10947c4e, org.springframework.boot.test.mock.mockito.MockitoContextCustomizer@0, org.springframework.boot.test.web.client.TestRestTemplateContextCustomizer@54089484, org.springframework.boot.test.autoconfigure.actuate.metrics.MetricsExportContextCustomizerFactory$DisableMetricExportContextCustomizer@753fd7a1, org.springframework.boot.test.autoconfigure.properties.PropertyMappingContextCustomizer@0, org.springframework.boot.test.autoconfigure.web.servlet.WebDriverContextCustomizerFactory$Customizer@45658133, org.springframework.boot.test.context.SpringBootTestArgs@1, org.springframework.boot.test.context.SpringBootTestWebEnvironment@4af45442], resourceBasePath = 'src/main/webapp', contextLoader = 'org.springframework.boot.test.context.SpringBootContextLoader', parent = [null]], attributes = map['org.springframework.test.context.web.ServletTestExecutionListener.activateListener' -> true, 'com.github.springtestdbunit.DbUnitTestExecutionListener.connection' -> com.github.springtestdbunit.DatabaseConnections@d864eae, 'com.github.springtestdbunit.DbUnitTestExecutionListener.databseOperationLookup' -> com.github.springtestdbunit.operation.DefaultDatabaseOperationLookup@68edb7d, 'com.github.springtestdbunit.DbUnitTestExecutionListener.dataSetLoader' -> com.github.springtestdbunit.dataset.FlatXmlDataSetLoader@1236d6f8]]
]]></system-out>
  </testcase>
  <testcase name="testDeleteStock_異常系_存在しない商品コード" classname="com.example.inventory.business.service.InventoryServiceTest" time="0.003">
    <system-out><![CDATA[2022-10-20 09:44:02.987  INFO 17660 --- [           main] o.s.t.c.transaction.TransactionContext   : Began transaction (1) for test context [DefaultTestContext@55f3c631 testClass = InventoryServiceTest, testInstance = com.example.inventory.business.service.InventoryServiceTest@6edd90b5, testMethod = testDeleteStock_異常系_存在しない商品コード@InventoryServiceTest, testException = [null], mergedContextConfiguration = [WebMergedContextConfiguration@3df0ac0 testClass = InventoryServiceTest, locations = '{}', classes = '{class com.example.Application}', contextInitializerClasses = '[]', activeProfiles = '{}', propertySourceLocations = '{}', propertySourceProperties = '{org.springframework.boot.test.context.SpringBootTestContextBootstrapper=true}', contextCustomizers = set[org.springframework.boot.test.context.filter.ExcludeFilterContextCustomizer@19a20bb2, org.springframework.boot.test.json.DuplicateJsonObjectContextCustomizerFactory$DuplicateJsonObjectContextCustomizer@10947c4e, org.springframework.boot.test.mock.mockito.MockitoContextCustomizer@0, org.springframework.boot.test.web.client.TestRestTemplateContextCustomizer@54089484, org.springframework.boot.test.autoconfigure.actuate.metrics.MetricsExportContextCustomizerFactory$DisableMetricExportContextCustomizer@753fd7a1, org.springframework.boot.test.autoconfigure.properties.PropertyMappingContextCustomizer@0, org.springframework.boot.test.autoconfigure.web.servlet.WebDriverContextCustomizerFactory$Customizer@45658133, org.springframework.boot.test.context.SpringBootTestArgs@1, org.springframework.boot.test.context.SpringBootTestWebEnvironment@4af45442], resourceBasePath = 'src/main/webapp', contextLoader = 'org.springframework.boot.test.context.SpringBootContextLoader', parent = [null]], attributes = map['org.springframework.test.context.web.ServletTestExecutionListener.activateListener' -> true, 'com.github.springtestdbunit.DbUnitTestExecutionListener.connection' -> com.github.springtestdbunit.DatabaseConnections@71de8be0, 'com.github.springtestdbunit.DbUnitTestExecutionListener.databseOperationLookup' -> com.github.springtestdbunit.operation.DefaultDatabaseOperationLookup@124cddc8, 'com.github.springtestdbunit.DbUnitTestExecutionListener.dataSetLoader' -> com.github.springtestdbunit.dataset.FlatXmlDataSetLoader@7339f51f]]; transaction manager [org.springframework.jdbc.support.JdbcTransactionManager@7d00bc8]; rollback [true]
2022-10-20 09:44:03.013  WARN 17660 --- [           main] o.dbunit.dataset.AbstractTableMetaData   : Potential problem found: The configured data type factory 'class org.dbunit.dataset.datatype.DefaultDataTypeFactory' might cause problems with the current database 'MySQL' (e.g. some datatypes may not be supported properly). In rare cases you might see this message because the list of supported database products is incomplete (list=[derby]). If so please request a java-class update via the forums.If you are using your own IDataTypeFactory extending DefaultDataTypeFactory, ensure that you override getValidDbProducts() to specify the supported database products.
2022-10-20 09:44:03.022  WARN 17660 --- [           main] o.dbunit.dataset.AbstractTableMetaData   : Potential problem found: The configured data type factory 'class org.dbunit.dataset.datatype.DefaultDataTypeFactory' might cause problems with the current database 'MySQL' (e.g. some datatypes may not be supported properly). In rare cases you might see this message because the list of supported database products is incomplete (list=[derby]). If so please request a java-class update via the forums.If you are using your own IDataTypeFactory extending DefaultDataTypeFactory, ensure that you override getValidDbProducts() to specify the supported database products.
2022-10-20 09:44:03.033  WARN 17660 --- [           main] o.dbunit.dataset.AbstractTableMetaData   : Potential problem found: The configured data type factory 'class org.dbunit.dataset.datatype.DefaultDataTypeFactory' might cause problems with the current database 'MySQL' (e.g. some datatypes may not be supported properly). In rare cases you might see this message because the list of supported database products is incomplete (list=[derby]). If so please request a java-class update via the forums.If you are using your own IDataTypeFactory extending DefaultDataTypeFactory, ensure that you override getValidDbProducts() to specify the supported database products.
2022-10-20 09:44:03.042  INFO 17660 --- [           main] o.s.t.c.transaction.TransactionContext   : Rolled back transaction for test: [DefaultTestContext@55f3c631 testClass = InventoryServiceTest, testInstance = com.example.inventory.business.service.InventoryServiceTest@6edd90b5, testMethod = testDeleteStock_異常系_存在しない商品コード@InventoryServiceTest, testException = [null], mergedContextConfiguration = [WebMergedContextConfiguration@3df0ac0 testClass = InventoryServiceTest, locations = '{}', classes = '{class com.example.Application}', contextInitializerClasses = '[]', activeProfiles = '{}', propertySourceLocations = '{}', propertySourceProperties = '{org.springframework.boot.test.context.SpringBootTestContextBootstrapper=true}', contextCustomizers = set[org.springframework.boot.test.context.filter.ExcludeFilterContextCustomizer@19a20bb2, org.springframework.boot.test.json.DuplicateJsonObjectContextCustomizerFactory$DuplicateJsonObjectContextCustomizer@10947c4e, org.springframework.boot.test.mock.mockito.MockitoContextCustomizer@0, org.springframework.boot.test.web.client.TestRestTemplateContextCustomizer@54089484, org.springframework.boot.test.autoconfigure.actuate.metrics.MetricsExportContextCustomizerFactory$DisableMetricExportContextCustomizer@753fd7a1, org.springframework.boot.test.autoconfigure.properties.PropertyMappingContextCustomizer@0, org.springframework.boot.test.autoconfigure.web.servlet.WebDriverContextCustomizerFactory$Customizer@45658133, org.springframework.boot.test.context.SpringBootTestArgs@1, org.springframework.boot.test.context.SpringBootTestWebEnvironment@4af45442], resourceBasePath = 'src/main/webapp', contextLoader = 'org.springframework.boot.test.context.SpringBootContextLoader', parent = [null]], attributes = map['org.springframework.test.context.web.ServletTestExecutionListener.activateListener' -> true, 'com.github.springtestdbunit.DbUnitTestExecutionListener.connection' -> com.github.springtestdbunit.DatabaseConnections@71de8be0, 'com.github.springtestdbunit.DbUnitTestExecutionListener.databseOperationLookup' -> com.github.springtestdbunit.operation.DefaultDatabaseOperationLookup@124cddc8, 'com.github.springtestdbunit.DbUnitTestExecutionListener.dataSetLoader' -> com.github.springtestdbunit.dataset.FlatXmlDataSetLoader@7339f51f]]
]]></system-out>
  </testcase>
  <testcase name="testCreateStock_正常系" classname="com.example.inventory.business.service.InventoryServiceTest" time="0.004">
    <system-out><![CDATA[2022-10-20 09:44:03.045  INFO 17660 --- [           main] o.s.t.c.transaction.TransactionContext   : Began transaction (1) for test context [DefaultTestContext@55f3c631 testClass = InventoryServiceTest, testInstance = com.example.inventory.business.service.InventoryServiceTest@7e1389a7, testMethod = testCreateStock_正常系@InventoryServiceTest, testException = [null], mergedContextConfiguration = [WebMergedContextConfiguration@3df0ac0 testClass = InventoryServiceTest, locations = '{}', classes = '{class com.example.Application}', contextInitializerClasses = '[]', activeProfiles = '{}', propertySourceLocations = '{}', propertySourceProperties = '{org.springframework.boot.test.context.SpringBootTestContextBootstrapper=true}', contextCustomizers = set[org.springframework.boot.test.context.filter.ExcludeFilterContextCustomizer@19a20bb2, org.springframework.boot.test.json.DuplicateJsonObjectContextCustomizerFactory$DuplicateJsonObjectContextCustomizer@10947c4e, org.springframework.boot.test.mock.mockito.MockitoContextCustomizer@0, org.springframework.boot.test.web.client.TestRestTemplateContextCustomizer@54089484, org.springframework.boot.test.autoconfigure.actuate.metrics.MetricsExportContextCustomizerFactory$DisableMetricExportContextCustomizer@753fd7a1, org.springframework.boot.test.autoconfigure.properties.PropertyMappingContextCustomizer@0, org.springframework.boot.test.autoconfigure.web.servlet.WebDriverContextCustomizerFactory$Customizer@45658133, org.springframework.boot.test.context.SpringBootTestArgs@1, org.springframework.boot.test.context.SpringBootTestWebEnvironment@4af45442], resourceBasePath = 'src/main/webapp', contextLoader = 'org.springframework.boot.test.context.SpringBootContextLoader', parent = [null]], attributes = map['org.springframework.test.context.web.ServletTestExecutionListener.activateListener' -> true, 'com.github.springtestdbunit.DbUnitTestExecutionListener.connection' -> com.github.springtestdbunit.DatabaseConnections@4e096b5f, 'com.github.springtestdbunit.DbUnitTestExecutionListener.databseOperationLookup' -> com.github.springtestdbunit.operation.DefaultDatabaseOperationLookup@2167cb1, 'com.github.springtestdbunit.DbUnitTestExecutionListener.dataSetLoader' -> com.github.springtestdbunit.dataset.FlatXmlDataSetLoader@80aab1d]]; transaction manager [org.springframework.jdbc.support.JdbcTransactionManager@7d00bc8]; rollback [true]
2022-10-20 09:44:03.062  WARN 17660 --- [           main] o.dbunit.dataset.AbstractTableMetaData   : Potential problem found: The configured data type factory 'class org.dbunit.dataset.datatype.DefaultDataTypeFactory' might cause problems with the current database 'MySQL' (e.g. some datatypes may not be supported properly). In rare cases you might see this message because the list of supported database products is incomplete (list=[derby]). If so please request a java-class update via the forums.If you are using your own IDataTypeFactory extending DefaultDataTypeFactory, ensure that you override getValidDbProducts() to specify the supported database products.
2022-10-20 09:44:03.188  WARN 17660 --- [           main] o.dbunit.dataset.AbstractTableMetaData   : Potential problem found: The configured data type factory 'class org.dbunit.dataset.datatype.DefaultDataTypeFactory' might cause problems with the current database 'MySQL' (e.g. some datatypes may not be supported properly). In rare cases you might see this message because the list of supported database products is incomplete (list=[derby]). If so please request a java-class update via the forums.If you are using your own IDataTypeFactory extending DefaultDataTypeFactory, ensure that you override getValidDbProducts() to specify the supported database products.
2022-10-20 09:44:03.198  WARN 17660 --- [           main] o.dbunit.dataset.AbstractTableMetaData   : Potential problem found: The configured data type factory 'class org.dbunit.dataset.datatype.DefaultDataTypeFactory' might cause problems with the current database 'MySQL' (e.g. some datatypes may not be supported properly). In rare cases you might see this message because the list of supported database products is incomplete (list=[derby]). If so please request a java-class update via the forums.If you are using your own IDataTypeFactory extending DefaultDataTypeFactory, ensure that you override getValidDbProducts() to specify the supported database products.
2022-10-20 09:44:03.215  INFO 17660 --- [           main] o.s.t.c.transaction.TransactionContext   : Rolled back transaction for test: [DefaultTestContext@55f3c631 testClass = InventoryServiceTest, testInstance = com.example.inventory.business.service.InventoryServiceTest@7e1389a7, testMethod = testCreateStock_正常系@InventoryServiceTest, testException = [null], mergedContextConfiguration = [WebMergedContextConfiguration@3df0ac0 testClass = InventoryServiceTest, locations = '{}', classes = '{class com.example.Application}', contextInitializerClasses = '[]', activeProfiles = '{}', propertySourceLocations = '{}', propertySourceProperties = '{org.springframework.boot.test.context.SpringBootTestContextBootstrapper=true}', contextCustomizers = set[org.springframework.boot.test.context.filter.ExcludeFilterContextCustomizer@19a20bb2, org.springframework.boot.test.json.DuplicateJsonObjectContextCustomizerFactory$DuplicateJsonObjectContextCustomizer@10947c4e, org.springframework.boot.test.mock.mockito.MockitoContextCustomizer@0, org.springframework.boot.test.web.client.TestRestTemplateContextCustomizer@54089484, org.springframework.boot.test.autoconfigure.actuate.metrics.MetricsExportContextCustomizerFactory$DisableMetricExportContextCustomizer@753fd7a1, org.springframework.boot.test.autoconfigure.properties.PropertyMappingContextCustomizer@0, org.springframework.boot.test.autoconfigure.web.servlet.WebDriverContextCustomizerFactory$Customizer@45658133, org.springframework.boot.test.context.SpringBootTestArgs@1, org.springframework.boot.test.context.SpringBootTestWebEnvironment@4af45442], resourceBasePath = 'src/main/webapp', contextLoader = 'org.springframework.boot.test.context.SpringBootContextLoader', parent = [null]], attributes = map['org.springframework.test.context.web.ServletTestExecutionListener.activateListener' -> true, 'com.github.springtestdbunit.DbUnitTestExecutionListener.connection' -> com.github.springtestdbunit.DatabaseConnections@4e096b5f, 'com.github.springtestdbunit.DbUnitTestExecutionListener.databseOperationLookup' -> com.github.springtestdbunit.operation.DefaultDatabaseOperationLookup@2167cb1, 'com.github.springtestdbunit.DbUnitTestExecutionListener.dataSetLoader' -> com.github.springtestdbunit.dataset.FlatXmlDataSetLoader@80aab1d]]
]]></system-out>
  </testcase>
  <testcase name="testCanCreateStock_異常系_登録済みの商品コード" classname="com.example.inventory.business.service.InventoryServiceTest" time="0.005">
    <system-out><![CDATA[2022-10-20 09:44:03.218  INFO 17660 --- [           main] o.s.t.c.transaction.TransactionContext   : Began transaction (1) for test context [DefaultTestContext@55f3c631 testClass = InventoryServiceTest, testInstance = com.example.inventory.business.service.InventoryServiceTest@3717d1d0, testMethod = testCanCreateStock_異常系_登録済みの商品コード@InventoryServiceTest, testException = [null], mergedContextConfiguration = [WebMergedContextConfiguration@3df0ac0 testClass = InventoryServiceTest, locations = '{}', classes = '{class com.example.Application}', contextInitializerClasses = '[]', activeProfiles = '{}', propertySourceLocations = '{}', propertySourceProperties = '{org.springframework.boot.test.context.SpringBootTestContextBootstrapper=true}', contextCustomizers = set[org.springframework.boot.test.context.filter.ExcludeFilterContextCustomizer@19a20bb2, org.springframework.boot.test.json.DuplicateJsonObjectContextCustomizerFactory$DuplicateJsonObjectContextCustomizer@10947c4e, org.springframework.boot.test.mock.mockito.MockitoContextCustomizer@0, org.springframework.boot.test.web.client.TestRestTemplateContextCustomizer@54089484, org.springframework.boot.test.autoconfigure.actuate.metrics.MetricsExportContextCustomizerFactory$DisableMetricExportContextCustomizer@753fd7a1, org.springframework.boot.test.autoconfigure.properties.PropertyMappingContextCustomizer@0, org.springframework.boot.test.autoconfigure.web.servlet.WebDriverContextCustomizerFactory$Customizer@45658133, org.springframework.boot.test.context.SpringBootTestArgs@1, org.springframework.boot.test.context.SpringBootTestWebEnvironment@4af45442], resourceBasePath = 'src/main/webapp', contextLoader = 'org.springframework.boot.test.context.SpringBootContextLoader', parent = [null]], attributes = map['org.springframework.test.context.web.ServletTestExecutionListener.activateListener' -> true, 'com.github.springtestdbunit.DbUnitTestExecutionListener.connection' -> com.github.springtestdbunit.DatabaseConnections@5d002030, 'com.github.springtestdbunit.DbUnitTestExecutionListener.databseOperationLookup' -> com.github.springtestdbunit.operation.DefaultDatabaseOperationLookup@64ef558f, 'com.github.springtestdbunit.DbUnitTestExecutionListener.dataSetLoader' -> com.github.springtestdbunit.dataset.FlatXmlDataSetLoader@164148d5]]; transaction manager [org.springframework.jdbc.support.JdbcTransactionManager@7d00bc8]; rollback [true]
2022-10-20 09:44:03.236  WARN 17660 --- [           main] o.dbunit.dataset.AbstractTableMetaData   : Potential problem found: The configured data type factory 'class org.dbunit.dataset.datatype.DefaultDataTypeFactory' might cause problems with the current database 'MySQL' (e.g. some datatypes may not be supported properly). In rare cases you might see this message because the list of supported database products is incomplete (list=[derby]). If so please request a java-class update via the forums.If you are using your own IDataTypeFactory extending DefaultDataTypeFactory, ensure that you override getValidDbProducts() to specify the supported database products.
2022-10-20 09:44:03.245  WARN 17660 --- [           main] o.dbunit.dataset.AbstractTableMetaData   : Potential problem found: The configured data type factory 'class org.dbunit.dataset.datatype.DefaultDataTypeFactory' might cause problems with the current database 'MySQL' (e.g. some datatypes may not be supported properly). In rare cases you might see this message because the list of supported database products is incomplete (list=[derby]). If so please request a java-class update via the forums.If you are using your own IDataTypeFactory extending DefaultDataTypeFactory, ensure that you override getValidDbProducts() to specify the supported database products.
2022-10-20 09:44:03.253  WARN 17660 --- [           main] o.dbunit.dataset.AbstractTableMetaData   : Potential problem found: The configured data type factory 'class org.dbunit.dataset.datatype.DefaultDataTypeFactory' might cause problems with the current database 'MySQL' (e.g. some datatypes may not be supported properly). In rare cases you might see this message because the list of supported database products is incomplete (list=[derby]). If so please request a java-class update via the forums.If you are using your own IDataTypeFactory extending DefaultDataTypeFactory, ensure that you override getValidDbProducts() to specify the supported database products.
2022-10-20 09:44:03.265  INFO 17660 --- [           main] o.s.t.c.transaction.TransactionContext   : Rolled back transaction for test: [DefaultTestContext@55f3c631 testClass = InventoryServiceTest, testInstance = com.example.inventory.business.service.InventoryServiceTest@3717d1d0, testMethod = testCanCreateStock_異常系_登録済みの商品コード@InventoryServiceTest, testException = [null], mergedContextConfiguration = [WebMergedContextConfiguration@3df0ac0 testClass = InventoryServiceTest, locations = '{}', classes = '{class com.example.Application}', contextInitializerClasses = '[]', activeProfiles = '{}', propertySourceLocations = '{}', propertySourceProperties = '{org.springframework.boot.test.context.SpringBootTestContextBootstrapper=true}', contextCustomizers = set[org.springframework.boot.test.context.filter.ExcludeFilterContextCustomizer@19a20bb2, org.springframework.boot.test.json.DuplicateJsonObjectContextCustomizerFactory$DuplicateJsonObjectContextCustomizer@10947c4e, org.springframework.boot.test.mock.mockito.MockitoContextCustomizer@0, org.springframework.boot.test.web.client.TestRestTemplateContextCustomizer@54089484, org.springframework.boot.test.autoconfigure.actuate.metrics.MetricsExportContextCustomizerFactory$DisableMetricExportContextCustomizer@753fd7a1, org.springframework.boot.test.autoconfigure.properties.PropertyMappingContextCustomizer@0, org.springframework.boot.test.autoconfigure.web.servlet.WebDriverContextCustomizerFactory$Customizer@45658133, org.springframework.boot.test.context.SpringBootTestArgs@1, org.springframework.boot.test.context.SpringBootTestWebEnvironment@4af45442], resourceBasePath = 'src/main/webapp', contextLoader = 'org.springframework.boot.test.context.SpringBootContextLoader', parent = [null]], attributes = map['org.springframework.test.context.web.ServletTestExecutionListener.activateListener' -> true, 'com.github.springtestdbunit.DbUnitTestExecutionListener.connection' -> com.github.springtestdbunit.DatabaseConnections@5d002030, 'com.github.springtestdbunit.DbUnitTestExecutionListener.databseOperationLookup' -> com.github.springtestdbunit.operation.DefaultDatabaseOperationLookup@64ef558f, 'com.github.springtestdbunit.DbUnitTestExecutionListener.dataSetLoader' -> com.github.springtestdbunit.dataset.FlatXmlDataSetLoader@164148d5]]
]]></system-out>
  </testcase>
  <testcase name="testCanDeleteStock_異常系_削除済みの商品コード" classname="com.example.inventory.business.service.InventoryServiceTest" time="0.004">
    <system-out><![CDATA[2022-10-20 09:44:03.270  INFO 17660 --- [           main] o.s.t.c.transaction.TransactionContext   : Began transaction (1) for test context [DefaultTestContext@55f3c631 testClass = InventoryServiceTest, testInstance = com.example.inventory.business.service.InventoryServiceTest@49f2736, testMethod = testCanDeleteStock_異常系_削除済みの商品コード@InventoryServiceTest, testException = [null], mergedContextConfiguration = [WebMergedContextConfiguration@3df0ac0 testClass = InventoryServiceTest, locations = '{}', classes = '{class com.example.Application}', contextInitializerClasses = '[]', activeProfiles = '{}', propertySourceLocations = '{}', propertySourceProperties = '{org.springframework.boot.test.context.SpringBootTestContextBootstrapper=true}', contextCustomizers = set[org.springframework.boot.test.context.filter.ExcludeFilterContextCustomizer@19a20bb2, org.springframework.boot.test.json.DuplicateJsonObjectContextCustomizerFactory$DuplicateJsonObjectContextCustomizer@10947c4e, org.springframework.boot.test.mock.mockito.MockitoContextCustomizer@0, org.springframework.boot.test.web.client.TestRestTemplateContextCustomizer@54089484, org.springframework.boot.test.autoconfigure.actuate.metrics.MetricsExportContextCustomizerFactory$DisableMetricExportContextCustomizer@753fd7a1, org.springframework.boot.test.autoconfigure.properties.PropertyMappingContextCustomizer@0, org.springframework.boot.test.autoconfigure.web.servlet.WebDriverContextCustomizerFactory$Customizer@45658133, org.springframework.boot.test.context.SpringBootTestArgs@1, org.springframework.boot.test.context.SpringBootTestWebEnvironment@4af45442], resourceBasePath = 'src/main/webapp', contextLoader = 'org.springframework.boot.test.context.SpringBootContextLoader', parent = [null]], attributes = map['org.springframework.test.context.web.ServletTestExecutionListener.activateListener' -> true, 'com.github.springtestdbunit.DbUnitTestExecutionListener.connection' -> com.github.springtestdbunit.DatabaseConnections@3174655e, 'com.github.springtestdbunit.DbUnitTestExecutionListener.databseOperationLookup' -> com.github.springtestdbunit.operation.DefaultDatabaseOperationLookup@3eba2df9, 'com.github.springtestdbunit.DbUnitTestExecutionListener.dataSetLoader' -> com.github.springtestdbunit.dataset.FlatXmlDataSetLoader@5d40fd79]]; transaction manager [org.springframework.jdbc.support.JdbcTransactionManager@7d00bc8]; rollback [true]
2022-10-20 09:44:03.302  WARN 17660 --- [           main] o.dbunit.dataset.AbstractTableMetaData   : Potential problem found: The configured data type factory 'class org.dbunit.dataset.datatype.DefaultDataTypeFactory' might cause problems with the current database 'MySQL' (e.g. some datatypes may not be supported properly). In rare cases you might see this message because the list of supported database products is incomplete (list=[derby]). If so please request a java-class update via the forums.If you are using your own IDataTypeFactory extending DefaultDataTypeFactory, ensure that you override getValidDbProducts() to specify the supported database products.
2022-10-20 09:44:03.387  WARN 17660 --- [           main] o.dbunit.dataset.AbstractTableMetaData   : Potential problem found: The configured data type factory 'class org.dbunit.dataset.datatype.DefaultDataTypeFactory' might cause problems with the current database 'MySQL' (e.g. some datatypes may not be supported properly). In rare cases you might see this message because the list of supported database products is incomplete (list=[derby]). If so please request a java-class update via the forums.If you are using your own IDataTypeFactory extending DefaultDataTypeFactory, ensure that you override getValidDbProducts() to specify the supported database products.
2022-10-20 09:44:03.395  WARN 17660 --- [           main] o.dbunit.dataset.AbstractTableMetaData   : Potential problem found: The configured data type factory 'class org.dbunit.dataset.datatype.DefaultDataTypeFactory' might cause problems with the current database 'MySQL' (e.g. some datatypes may not be supported properly). In rare cases you might see this message because the list of supported database products is incomplete (list=[derby]). If so please request a java-class update via the forums.If you are using your own IDataTypeFactory extending DefaultDataTypeFactory, ensure that you override getValidDbProducts() to specify the supported database products.
2022-10-20 09:44:03.402  INFO 17660 --- [           main] o.s.t.c.transaction.TransactionContext   : Rolled back transaction for test: [DefaultTestContext@55f3c631 testClass = InventoryServiceTest, testInstance = com.example.inventory.business.service.InventoryServiceTest@49f2736, testMethod = testCanDeleteStock_異常系_削除済みの商品コード@InventoryServiceTest, testException = [null], mergedContextConfiguration = [WebMergedContextConfiguration@3df0ac0 testClass = InventoryServiceTest, locations = '{}', classes = '{class com.example.Application}', contextInitializerClasses = '[]', activeProfiles = '{}', propertySourceLocations = '{}', propertySourceProperties = '{org.springframework.boot.test.context.SpringBootTestContextBootstrapper=true}', contextCustomizers = set[org.springframework.boot.test.context.filter.ExcludeFilterContextCustomizer@19a20bb2, org.springframework.boot.test.json.DuplicateJsonObjectContextCustomizerFactory$DuplicateJsonObjectContextCustomizer@10947c4e, org.springframework.boot.test.mock.mockito.MockitoContextCustomizer@0, org.springframework.boot.test.web.client.TestRestTemplateContextCustomizer@54089484, org.springframework.boot.test.autoconfigure.actuate.metrics.MetricsExportContextCustomizerFactory$DisableMetricExportContextCustomizer@753fd7a1, org.springframework.boot.test.autoconfigure.properties.PropertyMappingContextCustomizer@0, org.springframework.boot.test.autoconfigure.web.servlet.WebDriverContextCustomizerFactory$Customizer@45658133, org.springframework.boot.test.context.SpringBootTestArgs@1, org.springframework.boot.test.context.SpringBootTestWebEnvironment@4af45442], resourceBasePath = 'src/main/webapp', contextLoader = 'org.springframework.boot.test.context.SpringBootContextLoader', parent = [null]], attributes = map['org.springframework.test.context.web.ServletTestExecutionListener.activateListener' -> true, 'com.github.springtestdbunit.DbUnitTestExecutionListener.connection' -> com.github.springtestdbunit.DatabaseConnections@3174655e, 'com.github.springtestdbunit.DbUnitTestExecutionListener.databseOperationLookup' -> com.github.springtestdbunit.operation.DefaultDatabaseOperationLookup@3eba2df9, 'com.github.springtestdbunit.DbUnitTestExecutionListener.dataSetLoader' -> com.github.springtestdbunit.dataset.FlatXmlDataSetLoader@5d40fd79]]
]]></system-out>
  </testcase>
  <testcase name="testReceiveStock_正常系" classname="com.example.inventory.business.service.InventoryServiceTest" time="0.005">
    <system-out><![CDATA[2022-10-20 09:44:03.405  INFO 17660 --- [           main] o.s.t.c.transaction.TransactionContext   : Began transaction (1) for test context [DefaultTestContext@55f3c631 testClass = InventoryServiceTest, testInstance = com.example.inventory.business.service.InventoryServiceTest@57ba5be, testMethod = testReceiveStock_正常系@InventoryServiceTest, testException = [null], mergedContextConfiguration = [WebMergedContextConfiguration@3df0ac0 testClass = InventoryServiceTest, locations = '{}', classes = '{class com.example.Application}', contextInitializerClasses = '[]', activeProfiles = '{}', propertySourceLocations = '{}', propertySourceProperties = '{org.springframework.boot.test.context.SpringBootTestContextBootstrapper=true}', contextCustomizers = set[org.springframework.boot.test.context.filter.ExcludeFilterContextCustomizer@19a20bb2, org.springframework.boot.test.json.DuplicateJsonObjectContextCustomizerFactory$DuplicateJsonObjectContextCustomizer@10947c4e, org.springframework.boot.test.mock.mockito.MockitoContextCustomizer@0, org.springframework.boot.test.web.client.TestRestTemplateContextCustomizer@54089484, org.springframework.boot.test.autoconfigure.actuate.metrics.MetricsExportContextCustomizerFactory$DisableMetricExportContextCustomizer@753fd7a1, org.springframework.boot.test.autoconfigure.properties.PropertyMappingContextCustomizer@0, org.springframework.boot.test.autoconfigure.web.servlet.WebDriverContextCustomizerFactory$Customizer@45658133, org.springframework.boot.test.context.SpringBootTestArgs@1, org.springframework.boot.test.context.SpringBootTestWebEnvironment@4af45442], resourceBasePath = 'src/main/webapp', contextLoader = 'org.springframework.boot.test.context.SpringBootContextLoader', parent = [null]], attributes = map['org.springframework.test.context.web.ServletTestExecutionListener.activateListener' -> true, 'com.github.springtestdbunit.DbUnitTestExecutionListener.connection' -> com.github.springtestdbunit.DatabaseConnections@5cb061e7, 'com.github.springtestdbunit.DbUnitTestExecutionListener.databseOperationLookup' -> com.github.springtestdbunit.operation.DefaultDatabaseOperationLookup@22a8c16d, 'com.github.springtestdbunit.DbUnitTestExecutionListener.dataSetLoader' -> com.github.springtestdbunit.dataset.FlatXmlDataSetLoader@6dd22470]]; transaction manager [org.springframework.jdbc.support.JdbcTransactionManager@7d00bc8]; rollback [true]
2022-10-20 09:44:03.421  WARN 17660 --- [           main] o.dbunit.dataset.AbstractTableMetaData   : Potential problem found: The configured data type factory 'class org.dbunit.dataset.datatype.DefaultDataTypeFactory' might cause problems with the current database 'MySQL' (e.g. some datatypes may not be supported properly). In rare cases you might see this message because the list of supported database products is incomplete (list=[derby]). If so please request a java-class update via the forums.If you are using your own IDataTypeFactory extending DefaultDataTypeFactory, ensure that you override getValidDbProducts() to specify the supported database products.
2022-10-20 09:44:03.430  WARN 17660 --- [           main] o.dbunit.dataset.AbstractTableMetaData   : Potential problem found: The configured data type factory 'class org.dbunit.dataset.datatype.DefaultDataTypeFactory' might cause problems with the current database 'MySQL' (e.g. some datatypes may not be supported properly). In rare cases you might see this message because the list of supported database products is incomplete (list=[derby]). If so please request a java-class update via the forums.If you are using your own IDataTypeFactory extending DefaultDataTypeFactory, ensure that you override getValidDbProducts() to specify the supported database products.
2022-10-20 09:44:03.438  WARN 17660 --- [           main] o.dbunit.dataset.AbstractTableMetaData   : Potential problem found: The configured data type factory 'class org.dbunit.dataset.datatype.DefaultDataTypeFactory' might cause problems with the current database 'MySQL' (e.g. some datatypes may not be supported properly). In rare cases you might see this message because the list of supported database products is incomplete (list=[derby]). If so please request a java-class update via the forums.If you are using your own IDataTypeFactory extending DefaultDataTypeFactory, ensure that you override getValidDbProducts() to specify the supported database products.
2022-10-20 09:44:03.452  INFO 17660 --- [           main] o.s.t.c.transaction.TransactionContext   : Rolled back transaction for test: [DefaultTestContext@55f3c631 testClass = InventoryServiceTest, testInstance = com.example.inventory.business.service.InventoryServiceTest@57ba5be, testMethod = testReceiveStock_正常系@InventoryServiceTest, testException = [null], mergedContextConfiguration = [WebMergedContextConfiguration@3df0ac0 testClass = InventoryServiceTest, locations = '{}', classes = '{class com.example.Application}', contextInitializerClasses = '[]', activeProfiles = '{}', propertySourceLocations = '{}', propertySourceProperties = '{org.springframework.boot.test.context.SpringBootTestContextBootstrapper=true}', contextCustomizers = set[org.springframework.boot.test.context.filter.ExcludeFilterContextCustomizer@19a20bb2, org.springframework.boot.test.json.DuplicateJsonObjectContextCustomizerFactory$DuplicateJsonObjectContextCustomizer@10947c4e, org.springframework.boot.test.mock.mockito.MockitoContextCustomizer@0, org.springframework.boot.test.web.client.TestRestTemplateContextCustomizer@54089484, org.springframework.boot.test.autoconfigure.actuate.metrics.MetricsExportContextCustomizerFactory$DisableMetricExportContextCustomizer@753fd7a1, org.springframework.boot.test.autoconfigure.properties.PropertyMappingContextCustomizer@0, org.springframework.boot.test.autoconfigure.web.servlet.WebDriverContextCustomizerFactory$Customizer@45658133, org.springframework.boot.test.context.SpringBootTestArgs@1, org.springframework.boot.test.context.SpringBootTestWebEnvironment@4af45442], resourceBasePath = 'src/main/webapp', contextLoader = 'org.springframework.boot.test.context.SpringBootContextLoader', parent = [null]], attributes = map['org.springframework.test.context.web.ServletTestExecutionListener.activateListener' -> true, 'com.github.springtestdbunit.DbUnitTestExecutionListener.connection' -> com.github.springtestdbunit.DatabaseConnections@5cb061e7, 'com.github.springtestdbunit.DbUnitTestExecutionListener.databseOperationLookup' -> com.github.springtestdbunit.operation.DefaultDatabaseOperationLookup@22a8c16d, 'com.github.springtestdbunit.DbUnitTestExecutionListener.dataSetLoader' -> com.github.springtestdbunit.dataset.FlatXmlDataSetLoader@6dd22470]]
]]></system-out>
  </testcase>
  <testcase name="testFindAllStock_異常系_1件もない" classname="com.example.inventory.business.service.InventoryServiceTest" time="0.005">
    <system-out><![CDATA[2022-10-20 09:44:03.455  INFO 17660 --- [           main] o.s.t.c.transaction.TransactionContext   : Began transaction (1) for test context [DefaultTestContext@55f3c631 testClass = InventoryServiceTest, testInstance = com.example.inventory.business.service.InventoryServiceTest@52f8d420, testMethod = testFindAllStock_異常系_1件もない@InventoryServiceTest, testException = [null], mergedContextConfiguration = [WebMergedContextConfiguration@3df0ac0 testClass = InventoryServiceTest, locations = '{}', classes = '{class com.example.Application}', contextInitializerClasses = '[]', activeProfiles = '{}', propertySourceLocations = '{}', propertySourceProperties = '{org.springframework.boot.test.context.SpringBootTestContextBootstrapper=true}', contextCustomizers = set[org.springframework.boot.test.context.filter.ExcludeFilterContextCustomizer@19a20bb2, org.springframework.boot.test.json.DuplicateJsonObjectContextCustomizerFactory$DuplicateJsonObjectContextCustomizer@10947c4e, org.springframework.boot.test.mock.mockito.MockitoContextCustomizer@0, org.springframework.boot.test.web.client.TestRestTemplateContextCustomizer@54089484, org.springframework.boot.test.autoconfigure.actuate.metrics.MetricsExportContextCustomizerFactory$DisableMetricExportContextCustomizer@753fd7a1, org.springframework.boot.test.autoconfigure.properties.PropertyMappingContextCustomizer@0, org.springframework.boot.test.autoconfigure.web.servlet.WebDriverContextCustomizerFactory$Customizer@45658133, org.springframework.boot.test.context.SpringBootTestArgs@1, org.springframework.boot.test.context.SpringBootTestWebEnvironment@4af45442], resourceBasePath = 'src/main/webapp', contextLoader = 'org.springframework.boot.test.context.SpringBootContextLoader', parent = [null]], attributes = map['org.springframework.test.context.web.ServletTestExecutionListener.activateListener' -> true, 'com.github.springtestdbunit.DbUnitTestExecutionListener.connection' -> com.github.springtestdbunit.DatabaseConnections@42b05e0d, 'com.github.springtestdbunit.DbUnitTestExecutionListener.databseOperationLookup' -> com.github.springtestdbunit.operation.DefaultDatabaseOperationLookup@3b7ef18b, 'com.github.springtestdbunit.DbUnitTestExecutionListener.dataSetLoader' -> com.github.springtestdbunit.dataset.FlatXmlDataSetLoader@fcffa36]]; transaction manager [org.springframework.jdbc.support.JdbcTransactionManager@7d00bc8]; rollback [true]
2022-10-20 09:44:03.470  INFO 17660 --- [           main] o.s.t.c.transaction.TransactionContext   : Rolled back transaction for test: [DefaultTestContext@55f3c631 testClass = InventoryServiceTest, testInstance = com.example.inventory.business.service.InventoryServiceTest@52f8d420, testMethod = testFindAllStock_異常系_1件もない@InventoryServiceTest, testException = [null], mergedContextConfiguration = [WebMergedContextConfiguration@3df0ac0 testClass = InventoryServiceTest, locations = '{}', classes = '{class com.example.Application}', contextInitializerClasses = '[]', activeProfiles = '{}', propertySourceLocations = '{}', propertySourceProperties = '{org.springframework.boot.test.context.SpringBootTestContextBootstrapper=true}', contextCustomizers = set[org.springframework.boot.test.context.filter.ExcludeFilterContextCustomizer@19a20bb2, org.springframework.boot.test.json.DuplicateJsonObjectContextCustomizerFactory$DuplicateJsonObjectContextCustomizer@10947c4e, org.springframework.boot.test.mock.mockito.MockitoContextCustomizer@0, org.springframework.boot.test.web.client.TestRestTemplateContextCustomizer@54089484, org.springframework.boot.test.autoconfigure.actuate.metrics.MetricsExportContextCustomizerFactory$DisableMetricExportContextCustomizer@753fd7a1, org.springframework.boot.test.autoconfigure.properties.PropertyMappingContextCustomizer@0, org.springframework.boot.test.autoconfigure.web.servlet.WebDriverContextCustomizerFactory$Customizer@45658133, org.springframework.boot.test.context.SpringBootTestArgs@1, org.springframework.boot.test.context.SpringBootTestWebEnvironment@4af45442], resourceBasePath = 'src/main/webapp', contextLoader = 'org.springframework.boot.test.context.SpringBootContextLoader', parent = [null]], attributes = map['org.springframework.test.context.web.ServletTestExecutionListener.activateListener' -> true, 'com.github.springtestdbunit.DbUnitTestExecutionListener.connection' -> com.github.springtestdbunit.DatabaseConnections@42b05e0d, 'com.github.springtestdbunit.DbUnitTestExecutionListener.databseOperationLookup' -> com.github.springtestdbunit.operation.DefaultDatabaseOperationLookup@3b7ef18b, 'com.github.springtestdbunit.DbUnitTestExecutionListener.dataSetLoader' -> com.github.springtestdbunit.dataset.FlatXmlDataSetLoader@fcffa36]]
]]></system-out>
  </testcase>
  <testcase name="testCreateStock_異常系_削除済みの商品コード" classname="com.example.inventory.business.service.InventoryServiceTest" time="0.005">
    <system-out><![CDATA[2022-10-20 09:44:03.474  INFO 17660 --- [           main] o.s.t.c.transaction.TransactionContext   : Began transaction (1) for test context [DefaultTestContext@55f3c631 testClass = InventoryServiceTest, testInstance = com.example.inventory.business.service.InventoryServiceTest@79d244e3, testMethod = testCreateStock_異常系_削除済みの商品コード@InventoryServiceTest, testException = [null], mergedContextConfiguration = [WebMergedContextConfiguration@3df0ac0 testClass = InventoryServiceTest, locations = '{}', classes = '{class com.example.Application}', contextInitializerClasses = '[]', activeProfiles = '{}', propertySourceLocations = '{}', propertySourceProperties = '{org.springframework.boot.test.context.SpringBootTestContextBootstrapper=true}', contextCustomizers = set[org.springframework.boot.test.context.filter.ExcludeFilterContextCustomizer@19a20bb2, org.springframework.boot.test.json.DuplicateJsonObjectContextCustomizerFactory$DuplicateJsonObjectContextCustomizer@10947c4e, org.springframework.boot.test.mock.mockito.MockitoContextCustomizer@0, org.springframework.boot.test.web.client.TestRestTemplateContextCustomizer@54089484, org.springframework.boot.test.autoconfigure.actuate.metrics.MetricsExportContextCustomizerFactory$DisableMetricExportContextCustomizer@753fd7a1, org.springframework.boot.test.autoconfigure.properties.PropertyMappingContextCustomizer@0, org.springframework.boot.test.autoconfigure.web.servlet.WebDriverContextCustomizerFactory$Customizer@45658133, org.springframework.boot.test.context.SpringBootTestArgs@1, org.springframework.boot.test.context.SpringBootTestWebEnvironment@4af45442], resourceBasePath = 'src/main/webapp', contextLoader = 'org.springframework.boot.test.context.SpringBootContextLoader', parent = [null]], attributes = map['org.springframework.test.context.web.ServletTestExecutionListener.activateListener' -> true, 'com.github.springtestdbunit.DbUnitTestExecutionListener.connection' -> com.github.springtestdbunit.DatabaseConnections@77baac76, 'com.github.springtestdbunit.DbUnitTestExecutionListener.databseOperationLookup' -> com.github.springtestdbunit.operation.DefaultDatabaseOperationLookup@4f2aeb97, 'com.github.springtestdbunit.DbUnitTestExecutionListener.dataSetLoader' -> com.github.springtestdbunit.dataset.FlatXmlDataSetLoader@134fa5d5]]; transaction manager [org.springframework.jdbc.support.JdbcTransactionManager@7d00bc8]; rollback [true]
2022-10-20 09:44:03.493  WARN 17660 --- [           main] o.dbunit.dataset.AbstractTableMetaData   : Potential problem found: The configured data type factory 'class org.dbunit.dataset.datatype.DefaultDataTypeFactory' might cause problems with the current database 'MySQL' (e.g. some datatypes may not be supported properly). In rare cases you might see this message because the list of supported database products is incomplete (list=[derby]). If so please request a java-class update via the forums.If you are using your own IDataTypeFactory extending DefaultDataTypeFactory, ensure that you override getValidDbProducts() to specify the supported database products.
2022-10-20 09:44:03.502  WARN 17660 --- [           main] o.dbunit.dataset.AbstractTableMetaData   : Potential problem found: The configured data type factory 'class org.dbunit.dataset.datatype.DefaultDataTypeFactory' might cause problems with the current database 'MySQL' (e.g. some datatypes may not be supported properly). In rare cases you might see this message because the list of supported database products is incomplete (list=[derby]). If so please request a java-class update via the forums.If you are using your own IDataTypeFactory extending DefaultDataTypeFactory, ensure that you override getValidDbProducts() to specify the supported database products.
2022-10-20 09:44:03.510  WARN 17660 --- [           main] o.dbunit.dataset.AbstractTableMetaData   : Potential problem found: The configured data type factory 'class org.dbunit.dataset.datatype.DefaultDataTypeFactory' might cause problems with the current database 'MySQL' (e.g. some datatypes may not be supported properly). In rare cases you might see this message because the list of supported database products is incomplete (list=[derby]). If so please request a java-class update via the forums.If you are using your own IDataTypeFactory extending DefaultDataTypeFactory, ensure that you override getValidDbProducts() to specify the supported database products.
2022-10-20 09:44:03.516  INFO 17660 --- [           main] o.s.t.c.transaction.TransactionContext   : Rolled back transaction for test: [DefaultTestContext@55f3c631 testClass = InventoryServiceTest, testInstance = com.example.inventory.business.service.InventoryServiceTest@79d244e3, testMethod = testCreateStock_異常系_削除済みの商品コード@InventoryServiceTest, testException = [null], mergedContextConfiguration = [WebMergedContextConfiguration@3df0ac0 testClass = InventoryServiceTest, locations = '{}', classes = '{class com.example.Application}', contextInitializerClasses = '[]', activeProfiles = '{}', propertySourceLocations = '{}', propertySourceProperties = '{org.springframework.boot.test.context.SpringBootTestContextBootstrapper=true}', contextCustomizers = set[org.springframework.boot.test.context.filter.ExcludeFilterContextCustomizer@19a20bb2, org.springframework.boot.test.json.DuplicateJsonObjectContextCustomizerFactory$DuplicateJsonObjectContextCustomizer@10947c4e, org.springframework.boot.test.mock.mockito.MockitoContextCustomizer@0, org.springframework.boot.test.web.client.TestRestTemplateContextCustomizer@54089484, org.springframework.boot.test.autoconfigure.actuate.metrics.MetricsExportContextCustomizerFactory$DisableMetricExportContextCustomizer@753fd7a1, org.springframework.boot.test.autoconfigure.properties.PropertyMappingContextCustomizer@0, org.springframework.boot.test.autoconfigure.web.servlet.WebDriverContextCustomizerFactory$Customizer@45658133, org.springframework.boot.test.context.SpringBootTestArgs@1, org.springframework.boot.test.context.SpringBootTestWebEnvironment@4af45442], resourceBasePath = 'src/main/webapp', contextLoader = 'org.springframework.boot.test.context.SpringBootContextLoader', parent = [null]], attributes = map['org.springframework.test.context.web.ServletTestExecutionListener.activateListener' -> true, 'com.github.springtestdbunit.DbUnitTestExecutionListener.connection' -> com.github.springtestdbunit.DatabaseConnections@77baac76, 'com.github.springtestdbunit.DbUnitTestExecutionListener.databseOperationLookup' -> com.github.springtestdbunit.operation.DefaultDatabaseOperationLookup@4f2aeb97, 'com.github.springtestdbunit.DbUnitTestExecutionListener.dataSetLoader' -> com.github.springtestdbunit.dataset.FlatXmlDataSetLoader@134fa5d5]]
]]></system-out>
  </testcase>
  <testcase name="testFindAllStock_正常系" classname="com.example.inventory.business.service.InventoryServiceTest" time="0.005">
    <system-out><![CDATA[2022-10-20 09:44:03.519  INFO 17660 --- [           main] o.s.t.c.transaction.TransactionContext   : Began transaction (1) for test context [DefaultTestContext@55f3c631 testClass = InventoryServiceTest, testInstance = com.example.inventory.business.service.InventoryServiceTest@1afbe2aa, testMethod = testFindAllStock_正常系@InventoryServiceTest, testException = [null], mergedContextConfiguration = [WebMergedContextConfiguration@3df0ac0 testClass = InventoryServiceTest, locations = '{}', classes = '{class com.example.Application}', contextInitializerClasses = '[]', activeProfiles = '{}', propertySourceLocations = '{}', propertySourceProperties = '{org.springframework.boot.test.context.SpringBootTestContextBootstrapper=true}', contextCustomizers = set[org.springframework.boot.test.context.filter.ExcludeFilterContextCustomizer@19a20bb2, org.springframework.boot.test.json.DuplicateJsonObjectContextCustomizerFactory$DuplicateJsonObjectContextCustomizer@10947c4e, org.springframework.boot.test.mock.mockito.MockitoContextCustomizer@0, org.springframework.boot.test.web.client.TestRestTemplateContextCustomizer@54089484, org.springframework.boot.test.autoconfigure.actuate.metrics.MetricsExportContextCustomizerFactory$DisableMetricExportContextCustomizer@753fd7a1, org.springframework.boot.test.autoconfigure.properties.PropertyMappingContextCustomizer@0, org.springframework.boot.test.autoconfigure.web.servlet.WebDriverContextCustomizerFactory$Customizer@45658133, org.springframework.boot.test.context.SpringBootTestArgs@1, org.springframework.boot.test.context.SpringBootTestWebEnvironment@4af45442], resourceBasePath = 'src/main/webapp', contextLoader = 'org.springframework.boot.test.context.SpringBootContextLoader', parent = [null]], attributes = map['org.springframework.test.context.web.ServletTestExecutionListener.activateListener' -> true, 'com.github.springtestdbunit.DbUnitTestExecutionListener.connection' -> com.github.springtestdbunit.DatabaseConnections@12a69516, 'com.github.springtestdbunit.DbUnitTestExecutionListener.databseOperationLookup' -> com.github.springtestdbunit.operation.DefaultDatabaseOperationLookup@54970d40, 'com.github.springtestdbunit.DbUnitTestExecutionListener.dataSetLoader' -> com.github.springtestdbunit.dataset.FlatXmlDataSetLoader@658a5112]]; transaction manager [org.springframework.jdbc.support.JdbcTransactionManager@7d00bc8]; rollback [true]
2022-10-20 09:44:03.536  WARN 17660 --- [           main] o.dbunit.dataset.AbstractTableMetaData   : Potential problem found: The configured data type factory 'class org.dbunit.dataset.datatype.DefaultDataTypeFactory' might cause problems with the current database 'MySQL' (e.g. some datatypes may not be supported properly). In rare cases you might see this message because the list of supported database products is incomplete (list=[derby]). If so please request a java-class update via the forums.If you are using your own IDataTypeFactory extending DefaultDataTypeFactory, ensure that you override getValidDbProducts() to specify the supported database products.
2022-10-20 09:44:03.544  WARN 17660 --- [           main] o.dbunit.dataset.AbstractTableMetaData   : Potential problem found: The configured data type factory 'class org.dbunit.dataset.datatype.DefaultDataTypeFactory' might cause problems with the current database 'MySQL' (e.g. some datatypes may not be supported properly). In rare cases you might see this message because the list of supported database products is incomplete (list=[derby]). If so please request a java-class update via the forums.If you are using your own IDataTypeFactory extending DefaultDataTypeFactory, ensure that you override getValidDbProducts() to specify the supported database products.
2022-10-20 09:44:03.555  WARN 17660 --- [           main] o.dbunit.dataset.AbstractTableMetaData   : Potential problem found: The configured data type factory 'class org.dbunit.dataset.datatype.DefaultDataTypeFactory' might cause problems with the current database 'MySQL' (e.g. some datatypes may not be supported properly). In rare cases you might see this message because the list of supported database products is incomplete (list=[derby]). If so please request a java-class update via the forums.If you are using your own IDataTypeFactory extending DefaultDataTypeFactory, ensure that you override getValidDbProducts() to specify the supported database products.
2022-10-20 09:44:03.562  INFO 17660 --- [           main] o.s.t.c.transaction.TransactionContext   : Rolled back transaction for test: [DefaultTestContext@55f3c631 testClass = InventoryServiceTest, testInstance = com.example.inventory.business.service.InventoryServiceTest@1afbe2aa, testMethod = testFindAllStock_正常系@InventoryServiceTest, testException = [null], mergedContextConfiguration = [WebMergedContextConfiguration@3df0ac0 testClass = InventoryServiceTest, locations = '{}', classes = '{class com.example.Application}', contextInitializerClasses = '[]', activeProfiles = '{}', propertySourceLocations = '{}', propertySourceProperties = '{org.springframework.boot.test.context.SpringBootTestContextBootstrapper=true}', contextCustomizers = set[org.springframework.boot.test.context.filter.ExcludeFilterContextCustomizer@19a20bb2, org.springframework.boot.test.json.DuplicateJsonObjectContextCustomizerFactory$DuplicateJsonObjectContextCustomizer@10947c4e, org.springframework.boot.test.mock.mockito.MockitoContextCustomizer@0, org.springframework.boot.test.web.client.TestRestTemplateContextCustomizer@54089484, org.springframework.boot.test.autoconfigure.actuate.metrics.MetricsExportContextCustomizerFactory$DisableMetricExportContextCustomizer@753fd7a1, org.springframework.boot.test.autoconfigure.properties.PropertyMappingContextCustomizer@0, org.springframework.boot.test.autoconfigure.web.servlet.WebDriverContextCustomizerFactory$Customizer@45658133, org.springframework.boot.test.context.SpringBootTestArgs@1, org.springframework.boot.test.context.SpringBootTestWebEnvironment@4af45442], resourceBasePath = 'src/main/webapp', contextLoader = 'org.springframework.boot.test.context.SpringBootContextLoader', parent = [null]], attributes = map['org.springframework.test.context.web.ServletTestExecutionListener.activateListener' -> true, 'com.github.springtestdbunit.DbUnitTestExecutionListener.connection' -> com.github.springtestdbunit.DatabaseConnections@12a69516, 'com.github.springtestdbunit.DbUnitTestExecutionListener.databseOperationLookup' -> com.github.springtestdbunit.operation.DefaultDatabaseOperationLookup@54970d40, 'com.github.springtestdbunit.DbUnitTestExecutionListener.dataSetLoader' -> com.github.springtestdbunit.dataset.FlatXmlDataSetLoader@658a5112]]
]]></system-out>
  </testcase>
  <testcase name="testCanCreateStock_異常系_商品テーブルに存在しない商品コード" classname="com.example.inventory.business.service.InventoryServiceTest" time="0.004">
    <system-out><![CDATA[2022-10-20 09:44:03.564  INFO 17660 --- [           main] o.s.t.c.transaction.TransactionContext   : Began transaction (1) for test context [DefaultTestContext@55f3c631 testClass = InventoryServiceTest, testInstance = com.example.inventory.business.service.InventoryServiceTest@34a07a0d, testMethod = testCanCreateStock_異常系_商品テーブルに存在しない商品コード@InventoryServiceTest, testException = [null], mergedContextConfiguration = [WebMergedContextConfiguration@3df0ac0 testClass = InventoryServiceTest, locations = '{}', classes = '{class com.example.Application}', contextInitializerClasses = '[]', activeProfiles = '{}', propertySourceLocations = '{}', propertySourceProperties = '{org.springframework.boot.test.context.SpringBootTestContextBootstrapper=true}', contextCustomizers = set[org.springframework.boot.test.context.filter.ExcludeFilterContextCustomizer@19a20bb2, org.springframework.boot.test.json.DuplicateJsonObjectContextCustomizerFactory$DuplicateJsonObjectContextCustomizer@10947c4e, org.springframework.boot.test.mock.mockito.MockitoContextCustomizer@0, org.springframework.boot.test.web.client.TestRestTemplateContextCustomizer@54089484, org.springframework.boot.test.autoconfigure.actuate.metrics.MetricsExportContextCustomizerFactory$DisableMetricExportContextCustomizer@753fd7a1, org.springframework.boot.test.autoconfigure.properties.PropertyMappingContextCustomizer@0, org.springframework.boot.test.autoconfigure.web.servlet.WebDriverContextCustomizerFactory$Customizer@45658133, org.springframework.boot.test.context.SpringBootTestArgs@1, org.springframework.boot.test.context.SpringBootTestWebEnvironment@4af45442], resourceBasePath = 'src/main/webapp', contextLoader = 'org.springframework.boot.test.context.SpringBootContextLoader', parent = [null]], attributes = map['org.springframework.test.context.web.ServletTestExecutionListener.activateListener' -> true, 'com.github.springtestdbunit.DbUnitTestExecutionListener.connection' -> com.github.springtestdbunit.DatabaseConnections@d45bf2b, 'com.github.springtestdbunit.DbUnitTestExecutionListener.databseOperationLookup' -> com.github.springtestdbunit.operation.DefaultDatabaseOperationLookup@771d1487, 'com.github.springtestdbunit.DbUnitTestExecutionListener.dataSetLoader' -> com.github.springtestdbunit.dataset.FlatXmlDataSetLoader@1f2c05b4]]; transaction manager [org.springframework.jdbc.support.JdbcTransactionManager@7d00bc8]; rollback [true]
2022-10-20 09:44:03.582  WARN 17660 --- [           main] o.dbunit.dataset.AbstractTableMetaData   : Potential problem found: The configured data type factory 'class org.dbunit.dataset.datatype.DefaultDataTypeFactory' might cause problems with the current database 'MySQL' (e.g. some datatypes may not be supported properly). In rare cases you might see this message because the list of supported database products is incomplete (list=[derby]). If so please request a java-class update via the forums.If you are using your own IDataTypeFactory extending DefaultDataTypeFactory, ensure that you override getValidDbProducts() to specify the supported database products.
2022-10-20 09:44:03.590  WARN 17660 --- [           main] o.dbunit.dataset.AbstractTableMetaData   : Potential problem found: The configured data type factory 'class org.dbunit.dataset.datatype.DefaultDataTypeFactory' might cause problems with the current database 'MySQL' (e.g. some datatypes may not be supported properly). In rare cases you might see this message because the list of supported database products is incomplete (list=[derby]). If so please request a java-class update via the forums.If you are using your own IDataTypeFactory extending DefaultDataTypeFactory, ensure that you override getValidDbProducts() to specify the supported database products.
2022-10-20 09:44:03.598  WARN 17660 --- [           main] o.dbunit.dataset.AbstractTableMetaData   : Potential problem found: The configured data type factory 'class org.dbunit.dataset.datatype.DefaultDataTypeFactory' might cause problems with the current database 'MySQL' (e.g. some datatypes may not be supported properly). In rare cases you might see this message because the list of supported database products is incomplete (list=[derby]). If so please request a java-class update via the forums.If you are using your own IDataTypeFactory extending DefaultDataTypeFactory, ensure that you override getValidDbProducts() to specify the supported database products.
2022-10-20 09:44:03.607  INFO 17660 --- [           main] o.s.t.c.transaction.TransactionContext   : Rolled back transaction for test: [DefaultTestContext@55f3c631 testClass = InventoryServiceTest, testInstance = com.example.inventory.business.service.InventoryServiceTest@34a07a0d, testMethod = testCanCreateStock_異常系_商品テーブルに存在しない商品コード@InventoryServiceTest, testException = [null], mergedContextConfiguration = [WebMergedContextConfiguration@3df0ac0 testClass = InventoryServiceTest, locations = '{}', classes = '{class com.example.Application}', contextInitializerClasses = '[]', activeProfiles = '{}', propertySourceLocations = '{}', propertySourceProperties = '{org.springframework.boot.test.context.SpringBootTestContextBootstrapper=true}', contextCustomizers = set[org.springframework.boot.test.context.filter.ExcludeFilterContextCustomizer@19a20bb2, org.springframework.boot.test.json.DuplicateJsonObjectContextCustomizerFactory$DuplicateJsonObjectContextCustomizer@10947c4e, org.springframework.boot.test.mock.mockito.MockitoContextCustomizer@0, org.springframework.boot.test.web.client.TestRestTemplateContextCustomizer@54089484, org.springframework.boot.test.autoconfigure.actuate.metrics.MetricsExportContextCustomizerFactory$DisableMetricExportContextCustomizer@753fd7a1, org.springframework.boot.test.autoconfigure.properties.PropertyMappingContextCustomizer@0, org.springframework.boot.test.autoconfigure.web.servlet.WebDriverContextCustomizerFactory$Customizer@45658133, org.springframework.boot.test.context.SpringBootTestArgs@1, org.springframework.boot.test.context.SpringBootTestWebEnvironment@4af45442], resourceBasePath = 'src/main/webapp', contextLoader = 'org.springframework.boot.test.context.SpringBootContextLoader', parent = [null]], attributes = map['org.springframework.test.context.web.ServletTestExecutionListener.activateListener' -> true, 'com.github.springtestdbunit.DbUnitTestExecutionListener.connection' -> com.github.springtestdbunit.DatabaseConnections@d45bf2b, 'com.github.springtestdbunit.DbUnitTestExecutionListener.databseOperationLookup' -> com.github.springtestdbunit.operation.DefaultDatabaseOperationLookup@771d1487, 'com.github.springtestdbunit.DbUnitTestExecutionListener.dataSetLoader' -> com.github.springtestdbunit.dataset.FlatXmlDataSetLoader@1f2c05b4]]
]]></system-out>
  </testcase>
  <testcase name="testCanDeleteStock_正常系" classname="com.example.inventory.business.service.InventoryServiceTest" time="0.003">
    <system-out><![CDATA[2022-10-20 09:44:03.610  INFO 17660 --- [           main] o.s.t.c.transaction.TransactionContext   : Began transaction (1) for test context [DefaultTestContext@55f3c631 testClass = InventoryServiceTest, testInstance = com.example.inventory.business.service.InventoryServiceTest@2c276d6b, testMethod = testCanDeleteStock_正常系@InventoryServiceTest, testException = [null], mergedContextConfiguration = [WebMergedContextConfiguration@3df0ac0 testClass = InventoryServiceTest, locations = '{}', classes = '{class com.example.Application}', contextInitializerClasses = '[]', activeProfiles = '{}', propertySourceLocations = '{}', propertySourceProperties = '{org.springframework.boot.test.context.SpringBootTestContextBootstrapper=true}', contextCustomizers = set[org.springframework.boot.test.context.filter.ExcludeFilterContextCustomizer@19a20bb2, org.springframework.boot.test.json.DuplicateJsonObjectContextCustomizerFactory$DuplicateJsonObjectContextCustomizer@10947c4e, org.springframework.boot.test.mock.mockito.MockitoContextCustomizer@0, org.springframework.boot.test.web.client.TestRestTemplateContextCustomizer@54089484, org.springframework.boot.test.autoconfigure.actuate.metrics.MetricsExportContextCustomizerFactory$DisableMetricExportContextCustomizer@753fd7a1, org.springframework.boot.test.autoconfigure.properties.PropertyMappingContextCustomizer@0, org.springframework.boot.test.autoconfigure.web.servlet.WebDriverContextCustomizerFactory$Customizer@45658133, org.springframework.boot.test.context.SpringBootTestArgs@1, org.springframework.boot.test.context.SpringBootTestWebEnvironment@4af45442], resourceBasePath = 'src/main/webapp', contextLoader = 'org.springframework.boot.test.context.SpringBootContextLoader', parent = [null]], attributes = map['org.springframework.test.context.web.ServletTestExecutionListener.activateListener' -> true, 'com.github.springtestdbunit.DbUnitTestExecutionListener.connection' -> com.github.springtestdbunit.DatabaseConnections@1e50e94c, 'com.github.springtestdbunit.DbUnitTestExecutionListener.databseOperationLookup' -> com.github.springtestdbunit.operation.DefaultDatabaseOperationLookup@590b3e8d, 'com.github.springtestdbunit.DbUnitTestExecutionListener.dataSetLoader' -> com.github.springtestdbunit.dataset.FlatXmlDataSetLoader@4ac46b39]]; transaction manager [org.springframework.jdbc.support.JdbcTransactionManager@7d00bc8]; rollback [true]
2022-10-20 09:44:03.626  WARN 17660 --- [           main] o.dbunit.dataset.AbstractTableMetaData   : Potential problem found: The configured data type factory 'class org.dbunit.dataset.datatype.DefaultDataTypeFactory' might cause problems with the current database 'MySQL' (e.g. some datatypes may not be supported properly). In rare cases you might see this message because the list of supported database products is incomplete (list=[derby]). If so please request a java-class update via the forums.If you are using your own IDataTypeFactory extending DefaultDataTypeFactory, ensure that you override getValidDbProducts() to specify the supported database products.
2022-10-20 09:44:03.637  WARN 17660 --- [           main] o.dbunit.dataset.AbstractTableMetaData   : Potential problem found: The configured data type factory 'class org.dbunit.dataset.datatype.DefaultDataTypeFactory' might cause problems with the current database 'MySQL' (e.g. some datatypes may not be supported properly). In rare cases you might see this message because the list of supported database products is incomplete (list=[derby]). If so please request a java-class update via the forums.If you are using your own IDataTypeFactory extending DefaultDataTypeFactory, ensure that you override getValidDbProducts() to specify the supported database products.
2022-10-20 09:44:03.646  WARN 17660 --- [           main] o.dbunit.dataset.AbstractTableMetaData   : Potential problem found: The configured data type factory 'class org.dbunit.dataset.datatype.DefaultDataTypeFactory' might cause problems with the current database 'MySQL' (e.g. some datatypes may not be supported properly). In rare cases you might see this message because the list of supported database products is incomplete (list=[derby]). If so please request a java-class update via the forums.If you are using your own IDataTypeFactory extending DefaultDataTypeFactory, ensure that you override getValidDbProducts() to specify the supported database products.
2022-10-20 09:44:03.655  INFO 17660 --- [           main] o.s.t.c.transaction.TransactionContext   : Rolled back transaction for test: [DefaultTestContext@55f3c631 testClass = InventoryServiceTest, testInstance = com.example.inventory.business.service.InventoryServiceTest@2c276d6b, testMethod = testCanDeleteStock_正常系@InventoryServiceTest, testException = [null], mergedContextConfiguration = [WebMergedContextConfiguration@3df0ac0 testClass = InventoryServiceTest, locations = '{}', classes = '{class com.example.Application}', contextInitializerClasses = '[]', activeProfiles = '{}', propertySourceLocations = '{}', propertySourceProperties = '{org.springframework.boot.test.context.SpringBootTestContextBootstrapper=true}', contextCustomizers = set[org.springframework.boot.test.context.filter.ExcludeFilterContextCustomizer@19a20bb2, org.springframework.boot.test.json.DuplicateJsonObjectContextCustomizerFactory$DuplicateJsonObjectContextCustomizer@10947c4e, org.springframework.boot.test.mock.mockito.MockitoContextCustomizer@0, org.springframework.boot.test.web.client.TestRestTemplateContextCustomizer@54089484, org.springframework.boot.test.autoconfigure.actuate.metrics.MetricsExportContextCustomizerFactory$DisableMetricExportContextCustomizer@753fd7a1, org.springframework.boot.test.autoconfigure.properties.PropertyMappingContextCustomizer@0, org.springframework.boot.test.autoconfigure.web.servlet.WebDriverContextCustomizerFactory$Customizer@45658133, org.springframework.boot.test.context.SpringBootTestArgs@1, org.springframework.boot.test.context.SpringBootTestWebEnvironment@4af45442], resourceBasePath = 'src/main/webapp', contextLoader = 'org.springframework.boot.test.context.SpringBootContextLoader', parent = [null]], attributes = map['org.springframework.test.context.web.ServletTestExecutionListener.activateListener' -> true, 'com.github.springtestdbunit.DbUnitTestExecutionListener.connection' -> com.github.springtestdbunit.DatabaseConnections@1e50e94c, 'com.github.springtestdbunit.DbUnitTestExecutionListener.databseOperationLookup' -> com.github.springtestdbunit.operation.DefaultDatabaseOperationLookup@590b3e8d, 'com.github.springtestdbunit.DbUnitTestExecutionListener.dataSetLoader' -> com.github.springtestdbunit.dataset.FlatXmlDataSetLoader@4ac46b39]]
]]></system-out>
  </testcase>
  <testcase name="testDeleteStock_正常系" classname="com.example.inventory.business.service.InventoryServiceTest" time="0.004">
    <system-out><![CDATA[2022-10-20 09:44:03.658  INFO 17660 --- [           main] o.s.t.c.transaction.TransactionContext   : Began transaction (1) for test context [DefaultTestContext@55f3c631 testClass = InventoryServiceTest, testInstance = com.example.inventory.business.service.InventoryServiceTest@e493f00, testMethod = testDeleteStock_正常系@InventoryServiceTest, testException = [null], mergedContextConfiguration = [WebMergedContextConfiguration@3df0ac0 testClass = InventoryServiceTest, locations = '{}', classes = '{class com.example.Application}', contextInitializerClasses = '[]', activeProfiles = '{}', propertySourceLocations = '{}', propertySourceProperties = '{org.springframework.boot.test.context.SpringBootTestContextBootstrapper=true}', contextCustomizers = set[org.springframework.boot.test.context.filter.ExcludeFilterContextCustomizer@19a20bb2, org.springframework.boot.test.json.DuplicateJsonObjectContextCustomizerFactory$DuplicateJsonObjectContextCustomizer@10947c4e, org.springframework.boot.test.mock.mockito.MockitoContextCustomizer@0, org.springframework.boot.test.web.client.TestRestTemplateContextCustomizer@54089484, org.springframework.boot.test.autoconfigure.actuate.metrics.MetricsExportContextCustomizerFactory$DisableMetricExportContextCustomizer@753fd7a1, org.springframework.boot.test.autoconfigure.properties.PropertyMappingContextCustomizer@0, org.springframework.boot.test.autoconfigure.web.servlet.WebDriverContextCustomizerFactory$Customizer@45658133, org.springframework.boot.test.context.SpringBootTestArgs@1, org.springframework.boot.test.context.SpringBootTestWebEnvironment@4af45442], resourceBasePath = 'src/main/webapp', contextLoader = 'org.springframework.boot.test.context.SpringBootContextLoader', parent = [null]], attributes = map['org.springframework.test.context.web.ServletTestExecutionListener.activateListener' -> true, 'com.github.springtestdbunit.DbUnitTestExecutionListener.connection' -> com.github.springtestdbunit.DatabaseConnections@5cde074e, 'com.github.springtestdbunit.DbUnitTestExecutionListener.databseOperationLookup' -> com.github.springtestdbunit.operation.DefaultDatabaseOperationLookup@44f13572, 'com.github.springtestdbunit.DbUnitTestExecutionListener.dataSetLoader' -> com.github.springtestdbunit.dataset.FlatXmlDataSetLoader@321d8f6f]]; transaction manager [org.springframework.jdbc.support.JdbcTransactionManager@7d00bc8]; rollback [true]
2022-10-20 09:44:03.674  WARN 17660 --- [           main] o.dbunit.dataset.AbstractTableMetaData   : Potential problem found: The configured data type factory 'class org.dbunit.dataset.datatype.DefaultDataTypeFactory' might cause problems with the current database 'MySQL' (e.g. some datatypes may not be supported properly). In rare cases you might see this message because the list of supported database products is incomplete (list=[derby]). If so please request a java-class update via the forums.If you are using your own IDataTypeFactory extending DefaultDataTypeFactory, ensure that you override getValidDbProducts() to specify the supported database products.
2022-10-20 09:44:03.683  WARN 17660 --- [           main] o.dbunit.dataset.AbstractTableMetaData   : Potential problem found: The configured data type factory 'class org.dbunit.dataset.datatype.DefaultDataTypeFactory' might cause problems with the current database 'MySQL' (e.g. some datatypes may not be supported properly). In rare cases you might see this message because the list of supported database products is incomplete (list=[derby]). If so please request a java-class update via the forums.If you are using your own IDataTypeFactory extending DefaultDataTypeFactory, ensure that you override getValidDbProducts() to specify the supported database products.
2022-10-20 09:44:03.692  WARN 17660 --- [           main] o.dbunit.dataset.AbstractTableMetaData   : Potential problem found: The configured data type factory 'class org.dbunit.dataset.datatype.DefaultDataTypeFactory' might cause problems with the current database 'MySQL' (e.g. some datatypes may not be supported properly). In rare cases you might see this message because the list of supported database products is incomplete (list=[derby]). If so please request a java-class update via the forums.If you are using your own IDataTypeFactory extending DefaultDataTypeFactory, ensure that you override getValidDbProducts() to specify the supported database products.
2022-10-20 09:44:03.705  INFO 17660 --- [           main] o.s.t.c.transaction.TransactionContext   : Rolled back transaction for test: [DefaultTestContext@55f3c631 testClass = InventoryServiceTest, testInstance = com.example.inventory.business.service.InventoryServiceTest@e493f00, testMethod = testDeleteStock_正常系@InventoryServiceTest, testException = [null], mergedContextConfiguration = [WebMergedContextConfiguration@3df0ac0 testClass = InventoryServiceTest, locations = '{}', classes = '{class com.example.Application}', contextInitializerClasses = '[]', activeProfiles = '{}', propertySourceLocations = '{}', propertySourceProperties = '{org.springframework.boot.test.context.SpringBootTestContextBootstrapper=true}', contextCustomizers = set[org.springframework.boot.test.context.filter.ExcludeFilterContextCustomizer@19a20bb2, org.springframework.boot.test.json.DuplicateJsonObjectContextCustomizerFactory$DuplicateJsonObjectContextCustomizer@10947c4e, org.springframework.boot.test.mock.mockito.MockitoContextCustomizer@0, org.springframework.boot.test.web.client.TestRestTemplateContextCustomizer@54089484, org.springframework.boot.test.autoconfigure.actuate.metrics.MetricsExportContextCustomizerFactory$DisableMetricExportContextCustomizer@753fd7a1, org.springframework.boot.test.autoconfigure.properties.PropertyMappingContextCustomizer@0, org.springframework.boot.test.autoconfigure.web.servlet.WebDriverContextCustomizerFactory$Customizer@45658133, org.springframework.boot.test.context.SpringBootTestArgs@1, org.springframework.boot.test.context.SpringBootTestWebEnvironment@4af45442], resourceBasePath = 'src/main/webapp', contextLoader = 'org.springframework.boot.test.context.SpringBootContextLoader', parent = [null]], attributes = map['org.springframework.test.context.web.ServletTestExecutionListener.activateListener' -> true, 'com.github.springtestdbunit.DbUnitTestExecutionListener.connection' -> com.github.springtestdbunit.DatabaseConnections@5cde074e, 'com.github.springtestdbunit.DbUnitTestExecutionListener.databseOperationLookup' -> com.github.springtestdbunit.operation.DefaultDatabaseOperationLookup@44f13572, 'com.github.springtestdbunit.DbUnitTestExecutionListener.dataSetLoader' -> com.github.springtestdbunit.dataset.FlatXmlDataSetLoader@321d8f6f]]
]]></system-out>
  </testcase>
  <testcase name="testFindStock_異常系_存在しない商品コード" classname="com.example.inventory.business.service.InventoryServiceTest" time="0.004">
    <system-out><![CDATA[2022-10-20 09:44:03.708  INFO 17660 --- [           main] o.s.t.c.transaction.TransactionContext   : Began transaction (1) for test context [DefaultTestContext@55f3c631 testClass = InventoryServiceTest, testInstance = com.example.inventory.business.service.InventoryServiceTest@7d877489, testMethod = testFindStock_異常系_存在しない商品コード@InventoryServiceTest, testException = [null], mergedContextConfiguration = [WebMergedContextConfiguration@3df0ac0 testClass = InventoryServiceTest, locations = '{}', classes = '{class com.example.Application}', contextInitializerClasses = '[]', activeProfiles = '{}', propertySourceLocations = '{}', propertySourceProperties = '{org.springframework.boot.test.context.SpringBootTestContextBootstrapper=true}', contextCustomizers = set[org.springframework.boot.test.context.filter.ExcludeFilterContextCustomizer@19a20bb2, org.springframework.boot.test.json.DuplicateJsonObjectContextCustomizerFactory$DuplicateJsonObjectContextCustomizer@10947c4e, org.springframework.boot.test.mock.mockito.MockitoContextCustomizer@0, org.springframework.boot.test.web.client.TestRestTemplateContextCustomizer@54089484, org.springframework.boot.test.autoconfigure.actuate.metrics.MetricsExportContextCustomizerFactory$DisableMetricExportContextCustomizer@753fd7a1, org.springframework.boot.test.autoconfigure.properties.PropertyMappingContextCustomizer@0, org.springframework.boot.test.autoconfigure.web.servlet.WebDriverContextCustomizerFactory$Customizer@45658133, org.springframework.boot.test.context.SpringBootTestArgs@1, org.springframework.boot.test.context.SpringBootTestWebEnvironment@4af45442], resourceBasePath = 'src/main/webapp', contextLoader = 'org.springframework.boot.test.context.SpringBootContextLoader', parent = [null]], attributes = map['org.springframework.test.context.web.ServletTestExecutionListener.activateListener' -> true, 'com.github.springtestdbunit.DbUnitTestExecutionListener.connection' -> com.github.springtestdbunit.DatabaseConnections@1e575053, 'com.github.springtestdbunit.DbUnitTestExecutionListener.databseOperationLookup' -> com.github.springtestdbunit.operation.DefaultDatabaseOperationLookup@13bbc985, 'com.github.springtestdbunit.DbUnitTestExecutionListener.dataSetLoader' -> com.github.springtestdbunit.dataset.FlatXmlDataSetLoader@64079f10]]; transaction manager [org.springframework.jdbc.support.JdbcTransactionManager@7d00bc8]; rollback [true]
2022-10-20 09:44:03.725  WARN 17660 --- [           main] o.dbunit.dataset.AbstractTableMetaData   : Potential problem found: The configured data type factory 'class org.dbunit.dataset.datatype.DefaultDataTypeFactory' might cause problems with the current database 'MySQL' (e.g. some datatypes may not be supported properly). In rare cases you might see this message because the list of supported database products is incomplete (list=[derby]). If so please request a java-class update via the forums.If you are using your own IDataTypeFactory extending DefaultDataTypeFactory, ensure that you override getValidDbProducts() to specify the supported database products.
2022-10-20 09:44:03.740  WARN 17660 --- [           main] o.dbunit.dataset.AbstractTableMetaData   : Potential problem found: The configured data type factory 'class org.dbunit.dataset.datatype.DefaultDataTypeFactory' might cause problems with the current database 'MySQL' (e.g. some datatypes may not be supported properly). In rare cases you might see this message because the list of supported database products is incomplete (list=[derby]). If so please request a java-class update via the forums.If you are using your own IDataTypeFactory extending DefaultDataTypeFactory, ensure that you override getValidDbProducts() to specify the supported database products.
2022-10-20 09:44:03.749  WARN 17660 --- [           main] o.dbunit.dataset.AbstractTableMetaData   : Potential problem found: The configured data type factory 'class org.dbunit.dataset.datatype.DefaultDataTypeFactory' might cause problems with the current database 'MySQL' (e.g. some datatypes may not be supported properly). In rare cases you might see this message because the list of supported database products is incomplete (list=[derby]). If so please request a java-class update via the forums.If you are using your own IDataTypeFactory extending DefaultDataTypeFactory, ensure that you override getValidDbProducts() to specify the supported database products.
2022-10-20 09:44:03.755  INFO 17660 --- [           main] o.s.t.c.transaction.TransactionContext   : Rolled back transaction for test: [DefaultTestContext@55f3c631 testClass = InventoryServiceTest, testInstance = com.example.inventory.business.service.InventoryServiceTest@7d877489, testMethod = testFindStock_異常系_存在しない商品コード@InventoryServiceTest, testException = [null], mergedContextConfiguration = [WebMergedContextConfiguration@3df0ac0 testClass = InventoryServiceTest, locations = '{}', classes = '{class com.example.Application}', contextInitializerClasses = '[]', activeProfiles = '{}', propertySourceLocations = '{}', propertySourceProperties = '{org.springframework.boot.test.context.SpringBootTestContextBootstrapper=true}', contextCustomizers = set[org.springframework.boot.test.context.filter.ExcludeFilterContextCustomizer@19a20bb2, org.springframework.boot.test.json.DuplicateJsonObjectContextCustomizerFactory$DuplicateJsonObjectContextCustomizer@10947c4e, org.springframework.boot.test.mock.mockito.MockitoContextCustomizer@0, org.springframework.boot.test.web.client.TestRestTemplateContextCustomizer@54089484, org.springframework.boot.test.autoconfigure.actuate.metrics.MetricsExportContextCustomizerFactory$DisableMetricExportContextCustomizer@753fd7a1, org.springframework.boot.test.autoconfigure.properties.PropertyMappingContextCustomizer@0, org.springframework.boot.test.autoconfigure.web.servlet.WebDriverContextCustomizerFactory$Customizer@45658133, org.springframework.boot.test.context.SpringBootTestArgs@1, org.springframework.boot.test.context.SpringBootTestWebEnvironment@4af45442], resourceBasePath = 'src/main/webapp', contextLoader = 'org.springframework.boot.test.context.SpringBootContextLoader', parent = [null]], attributes = map['org.springframework.test.context.web.ServletTestExecutionListener.activateListener' -> true, 'com.github.springtestdbunit.DbUnitTestExecutionListener.connection' -> com.github.springtestdbunit.DatabaseConnections@1e575053, 'com.github.springtestdbunit.DbUnitTestExecutionListener.databseOperationLookup' -> com.github.springtestdbunit.operation.DefaultDatabaseOperationLookup@13bbc985, 'com.github.springtestdbunit.DbUnitTestExecutionListener.dataSetLoader' -> com.github.springtestdbunit.dataset.FlatXmlDataSetLoader@64079f10]]
]]></system-out>
  </testcase>
</testsuite>